2023-06-13 10:27:52,200 [INFO] com.adminservice.CfAdminServiceApplication [restartedMain] Starting CfAdminServiceApplication using Java 17.0.7 on inlen8520086507 with PID 19012 (C:\Users\BISWPRAD\OneDrive - Capgemini\Desktop\CulturoFesto Project\backend workspace\cf-admin-service\target\classes started by biswprad in C:\Users\BISWPRAD\OneDrive - Capgemini\Desktop\CulturoFesto Project\backend workspace\cf-admin-service)
2023-06-13 10:27:52,212 [DEBUG] com.adminservice.CfAdminServiceApplication [restartedMain] Running with Spring Boot v2.7.12, Spring v5.3.27
2023-06-13 10:27:52,213 [INFO] com.adminservice.CfAdminServiceApplication [restartedMain] No active profile set, falling back to 1 default profile: "default"
2023-06-13 10:27:58,598 [INFO] com.adminservice.CfAdminServiceApplication [restartedMain] Started CfAdminServiceApplication in 7.027 seconds (JVM running for 7.984)
2023-06-13 11:26:33,891 [INFO] com.adminservice.CfAdminServiceApplication [restartedMain] Starting CfAdminServiceApplication using Java 17.0.7 on inlen8520086507 with PID 13744 (C:\Users\BISWPRAD\OneDrive - Capgemini\Desktop\CulturoFesto Project\backend workspace\cf-admin-service\target\classes started by biswprad in C:\Users\BISWPRAD\OneDrive - Capgemini\Desktop\CulturoFesto Project\backend workspace\cf-admin-service)
2023-06-13 11:26:33,893 [DEBUG] com.adminservice.CfAdminServiceApplication [restartedMain] Running with Spring Boot v2.7.12, Spring v5.3.27
2023-06-13 11:26:33,894 [INFO] com.adminservice.CfAdminServiceApplication [restartedMain] No active profile set, falling back to 1 default profile: "default"
2023-06-13 11:26:40,063 [INFO] com.adminservice.CfAdminServiceApplication [restartedMain] Started CfAdminServiceApplication in 6.819 seconds (JVM running for 7.612)
2023-06-13 11:32:41,377 [INFO] com.adminservice.CfAdminServiceApplication [restartedMain] Starting CfAdminServiceApplication using Java 17.0.7 on inlen8520086507 with PID 11356 (C:\Users\BISWPRAD\OneDrive - Capgemini\Desktop\CulturoFesto Project\backend workspace\cf-admin-service\target\classes started by biswprad in C:\Users\BISWPRAD\OneDrive - Capgemini\Desktop\CulturoFesto Project\backend workspace\cf-admin-service)
2023-06-13 11:32:41,380 [DEBUG] com.adminservice.CfAdminServiceApplication [restartedMain] Running with Spring Boot v2.7.12, Spring v5.3.27
2023-06-13 11:32:41,381 [INFO] com.adminservice.CfAdminServiceApplication [restartedMain] No active profile set, falling back to 1 default profile: "default"
2023-06-13 11:32:47,572 [INFO] com.adminservice.CfAdminServiceApplication [restartedMain] Started CfAdminServiceApplication in 6.782 seconds (JVM running for 7.526)
2023-06-13 11:33:24,315 [ERROR] org.apache.catalina.core.ContainerBase.[Tomcat].[localhost].[/].[dispatcherServlet] [http-nio-9001-exec-1] Servlet.service() for servlet [dispatcherServlet] in context with path [] threw exception [Request processing failed; nested exception is org.springframework.web.client.HttpClientErrorException$NotFound: 404 : "{"timestamp":"2023-06-13T06:03:24.276+00:00","status":404,"error":"Not Found","message":"No message available","path":"/future"}"] with root cause
org.springframework.web.client.HttpClientErrorException$NotFound: 404 : "{"timestamp":"2023-06-13T06:03:24.276+00:00","status":404,"error":"Not Found","message":"No message available","path":"/future"}"
	at org.springframework.web.client.HttpClientErrorException.create(HttpClientErrorException.java:113)
	at org.springframework.web.client.DefaultResponseErrorHandler.handleError(DefaultResponseErrorHandler.java:168)
	at org.springframework.web.client.DefaultResponseErrorHandler.handleError(DefaultResponseErrorHandler.java:122)
	at org.springframework.web.client.ResponseErrorHandler.handleError(ResponseErrorHandler.java:63)
	at org.springframework.web.client.RestTemplate.handleResponse(RestTemplate.java:825)
	at org.springframework.web.client.RestTemplate.doExecute(RestTemplate.java:783)
	at org.springframework.web.client.RestTemplate.execute(RestTemplate.java:717)
	at org.springframework.web.client.RestTemplate.getForObject(RestTemplate.java:340)
	at com.adminservice.controller.EventController.getFutureEvents(EventController.java:125)
	at java.base/jdk.internal.reflect.NativeMethodAccessorImpl.invoke0(Native Method)
	at java.base/jdk.internal.reflect.NativeMethodAccessorImpl.invoke(NativeMethodAccessorImpl.java:77)
	at java.base/jdk.internal.reflect.DelegatingMethodAccessorImpl.invoke(DelegatingMethodAccessorImpl.java:43)
	at java.base/java.lang.reflect.Method.invoke(Method.java:568)
	at org.springframework.web.method.support.InvocableHandlerMethod.doInvoke(InvocableHandlerMethod.java:205)
	at org.springframework.web.method.support.InvocableHandlerMethod.invokeForRequest(InvocableHandlerMethod.java:150)
	at org.springframework.web.servlet.mvc.method.annotation.ServletInvocableHandlerMethod.invokeAndHandle(ServletInvocableHandlerMethod.java:117)
	at org.springframework.web.servlet.mvc.method.annotation.RequestMappingHandlerAdapter.invokeHandlerMethod(RequestMappingHandlerAdapter.java:895)
	at org.springframework.web.servlet.mvc.method.annotation.RequestMappingHandlerAdapter.handleInternal(RequestMappingHandlerAdapter.java:808)
	at org.springframework.web.servlet.mvc.method.AbstractHandlerMethodAdapter.handle(AbstractHandlerMethodAdapter.java:87)
	at org.springframework.web.servlet.DispatcherServlet.doDispatch(DispatcherServlet.java:1072)
	at org.springframework.web.servlet.DispatcherServlet.doService(DispatcherServlet.java:965)
	at org.springframework.web.servlet.FrameworkServlet.processRequest(FrameworkServlet.java:1006)
	at org.springframework.web.servlet.FrameworkServlet.doGet(FrameworkServlet.java:898)
	at javax.servlet.http.HttpServlet.service(HttpServlet.java:529)
	at org.springframework.web.servlet.FrameworkServlet.service(FrameworkServlet.java:883)
	at javax.servlet.http.HttpServlet.service(HttpServlet.java:623)
	at org.apache.catalina.core.ApplicationFilterChain.internalDoFilter(ApplicationFilterChain.java:209)
	at org.apache.catalina.core.ApplicationFilterChain.doFilter(ApplicationFilterChain.java:153)
	at org.apache.tomcat.websocket.server.WsFilter.doFilter(WsFilter.java:51)
	at org.apache.catalina.core.ApplicationFilterChain.internalDoFilter(ApplicationFilterChain.java:178)
	at org.apache.catalina.core.ApplicationFilterChain.doFilter(ApplicationFilterChain.java:153)
	at org.springframework.web.filter.CharacterEncodingFilter.doFilterInternal(CharacterEncodingFilter.java:201)
	at org.springframework.web.filter.OncePerRequestFilter.doFilter(OncePerRequestFilter.java:117)
	at org.apache.catalina.core.ApplicationFilterChain.internalDoFilter(ApplicationFilterChain.java:178)
	at org.apache.catalina.core.ApplicationFilterChain.doFilter(ApplicationFilterChain.java:153)
	at org.apache.catalina.core.StandardWrapperValve.invoke(StandardWrapperValve.java:167)
	at org.apache.catalina.core.StandardContextValve.invoke(StandardContextValve.java:90)
	at org.apache.catalina.authenticator.AuthenticatorBase.invoke(AuthenticatorBase.java:481)
	at org.apache.catalina.core.StandardHostValve.invoke(StandardHostValve.java:130)
	at org.apache.catalina.valves.ErrorReportValve.invoke(ErrorReportValve.java:93)
	at org.apache.catalina.core.StandardEngineValve.invoke(StandardEngineValve.java:74)
	at org.apache.catalina.connector.CoyoteAdapter.service(CoyoteAdapter.java:343)
	at org.apache.coyote.http11.Http11Processor.service(Http11Processor.java:390)
	at org.apache.coyote.AbstractProcessorLight.process(AbstractProcessorLight.java:63)
	at org.apache.coyote.AbstractProtocol$ConnectionHandler.process(AbstractProtocol.java:926)
	at org.apache.tomcat.util.net.NioEndpoint$SocketProcessor.doRun(NioEndpoint.java:1791)
	at org.apache.tomcat.util.net.SocketProcessorBase.run(SocketProcessorBase.java:52)
	at org.apache.tomcat.util.threads.ThreadPoolExecutor.runWorker(ThreadPoolExecutor.java:1191)
	at org.apache.tomcat.util.threads.ThreadPoolExecutor$Worker.run(ThreadPoolExecutor.java:659)
	at org.apache.tomcat.util.threads.TaskThread$WrappingRunnable.run(TaskThread.java:61)
	at java.base/java.lang.Thread.run(Thread.java:833)
2023-06-13 11:35:25,371 [INFO] com.adminservice.CfAdminServiceApplication [restartedMain] Starting CfAdminServiceApplication using Java 17.0.7 on inlen8520086507 with PID 11356 (C:\Users\BISWPRAD\OneDrive - Capgemini\Desktop\CulturoFesto Project\backend workspace\cf-admin-service\target\classes started by biswprad in C:\Users\BISWPRAD\OneDrive - Capgemini\Desktop\CulturoFesto Project\backend workspace\cf-admin-service)
2023-06-13 11:35:25,371 [DEBUG] com.adminservice.CfAdminServiceApplication [restartedMain] Running with Spring Boot v2.7.12, Spring v5.3.27
2023-06-13 11:35:25,372 [INFO] com.adminservice.CfAdminServiceApplication [restartedMain] No active profile set, falling back to 1 default profile: "default"
