2023-06-11 11:16:50,810 [INFO] com.adminservice.CfAdminServiceApplication [restartedMain] Started CfAdminServiceApplication in 1.404 seconds (JVM running for 3546.538)
2023-06-11 11:17:45,561 [INFO] com.adminservice.CfAdminServiceApplicationTests [main] Starting CfAdminServiceApplicationTests using Java 17.0.7 on inlen8520086507 with PID 11240 (started by biswprad in C:\Users\BISWPRAD\OneDrive - Capgemini\Desktop\CulturoFesto Project\backend workspace\cf-admin-service)
2023-06-11 11:17:45,568 [DEBUG] com.adminservice.CfAdminServiceApplicationTests [main] Running with Spring Boot v2.7.12, Spring v5.3.27
2023-06-11 11:17:45,570 [INFO] com.adminservice.CfAdminServiceApplicationTests [main] No active profile set, falling back to 1 default profile: "default"
2023-06-11 11:18:01,760 [INFO] com.adminservice.CfAdminServiceApplicationTests [main] Started CfAdminServiceApplicationTests in 17.538 seconds (JVM running for 24.012)
2023-06-11 11:18:02,858 [TRACE] com.adminservice.controller.EventController [main] Fetching event by eventId: 1
2023-06-11 11:18:02,874 [WARN] com.adminservice.controller.EventController [main] EventNotFoundException occurred: Could not find any event
2023-06-11 11:18:03,140 [TRACE] com.adminservice.controller.EventController [main] Fetching all events
2023-06-11 11:18:03,141 [WARN] com.adminservice.controller.EventController [main] NoEventsFoundException occurred: No events are there in the database
2023-06-11 11:18:03,480 [TRACE] com.adminservice.controller.EventController [main] Fetching event by eventId: 1
2023-06-11 11:18:03,484 [TRACE] com.adminservice.controller.EventController [main] Fetching event image by eventId: 1
2023-06-11 11:18:03,542 [TRACE] com.adminservice.controller.EventController [main] Fetching event by eventId: 1
2023-06-11 11:18:03,544 [ERROR] com.adminservice.controller.EventController [main] Exception occurred: An error occurred
2023-06-11 11:18:03,580 [TRACE] com.adminservice.controller.EventController [main] Fetching event by eventId: 1
2023-06-11 11:18:03,581 [WARN] com.adminservice.controller.EventController [main] EventNotFoundException occurred: An error occurred
2023-06-11 11:18:03,615 [TRACE] com.adminservice.controller.EventController [main] Fetching all events
2023-06-11 11:18:03,747 [TRACE] com.adminservice.controller.EventController [main] Fetching all events
2023-06-11 11:18:03,817 [TRACE] com.adminservice.controller.EventController [main] Fetching all events
2023-06-11 11:18:04,073 [INFO] com.adminservice.serviceimpl.EventServiceImpl [main] Fetching event with ID: 1
2023-06-11 11:18:04,074 [INFO] com.adminservice.serviceimpl.EventServiceImpl [main] Event found with ID: 1
2023-06-11 11:18:04,115 [INFO] com.adminservice.serviceimpl.EventServiceImpl [main] Updating event with ID: 1
2023-06-11 11:18:04,115 [INFO] com.adminservice.serviceimpl.EventServiceImpl [main] Fetching event with ID: 1
2023-06-11 11:18:04,116 [INFO] com.adminservice.serviceimpl.EventServiceImpl [main] Event found with ID: 1
2023-06-11 11:18:04,121 [INFO] com.adminservice.serviceimpl.EventServiceImpl [main] Event data and image updated successfully
2023-06-11 11:18:04,134 [INFO] com.adminservice.serviceimpl.EventServiceImpl [main] Adding event: Event Name
2023-06-11 11:18:04,135 [INFO] com.adminservice.serviceimpl.EventServiceImpl [main] Event data and image uploaded successfully
2023-06-11 11:26:05,788 [INFO] com.adminservice.CfAdminServiceApplicationTests [main] Starting CfAdminServiceApplicationTests using Java 17.0.7 on inlen8520086507 with PID 23496 (started by biswprad in C:\Users\BISWPRAD\OneDrive - Capgemini\Desktop\CulturoFesto Project\backend workspace\cf-admin-service)
2023-06-11 11:26:05,796 [DEBUG] com.adminservice.CfAdminServiceApplicationTests [main] Running with Spring Boot v2.7.12, Spring v5.3.27
2023-06-11 11:26:05,798 [INFO] com.adminservice.CfAdminServiceApplicationTests [main] No active profile set, falling back to 1 default profile: "default"
2023-06-11 11:26:14,949 [INFO] com.adminservice.CfAdminServiceApplicationTests [main] Started CfAdminServiceApplicationTests in 9.944 seconds (JVM running for 12.942)
2023-06-11 11:26:15,441 [TRACE] com.adminservice.controller.EventController [main] Fetching event by eventId: 1
2023-06-11 11:26:15,448 [WARN] com.adminservice.controller.EventController [main] EventNotFoundException occurred: Could not find any event
2023-06-11 11:26:15,520 [TRACE] com.adminservice.controller.EventController [main] Fetching all events
2023-06-11 11:26:15,521 [WARN] com.adminservice.controller.EventController [main] NoEventsFoundException occurred: No events are there in the database
2023-06-11 11:26:15,701 [TRACE] com.adminservice.controller.EventController [main] Fetching event by eventId: 1
2023-06-11 11:26:15,703 [TRACE] com.adminservice.controller.EventController [main] Fetching event image by eventId: 1
2023-06-11 11:26:15,728 [TRACE] com.adminservice.controller.EventController [main] Fetching event by eventId: 1
2023-06-11 11:26:15,729 [ERROR] com.adminservice.controller.EventController [main] Exception occurred: An error occurred
2023-06-11 11:26:15,747 [TRACE] com.adminservice.controller.EventController [main] Fetching event by eventId: 1
2023-06-11 11:26:15,748 [WARN] com.adminservice.controller.EventController [main] EventNotFoundException occurred: An error occurred
2023-06-11 11:26:15,777 [TRACE] com.adminservice.controller.EventController [main] Fetching all events
