2023-06-11 19:51:02,940 [INFO] com.adminservice.serviceimpl.EventServiceImpl [main] Updating event with ID: 1
2023-06-11 19:51:02,947 [INFO] com.adminservice.serviceimpl.EventServiceImpl [main] Fetching event with ID: 1
2023-06-11 19:51:02,949 [INFO] com.adminservice.serviceimpl.EventServiceImpl [main] Event found with ID: 1
2023-06-11 19:51:02,953 [INFO] com.adminservice.serviceimpl.EventServiceImpl [main] Event data and image updated successfully
2023-06-11 19:51:02,964 [INFO] com.adminservice.serviceimpl.EventServiceImpl [main] Adding event: Event Name
2023-06-11 19:51:02,964 [INFO] com.adminservice.serviceimpl.EventServiceImpl [main] Event data and image uploaded successfully
2023-06-11 19:51:02,971 [INFO] com.adminservice.serviceimpl.EventServiceImpl [main] Deleting event with ID: 1
2023-06-11 19:51:02,971 [INFO] com.adminservice.serviceimpl.EventServiceImpl [main] Event deleted successfully
2023-06-11 20:23:00,995 [INFO] com.adminservice.CfAdminServiceApplication [restartedMain] Starting CfAdminServiceApplication using Java 17.0.7 on inlen8520086507 with PID 4920 (C:\Users\BISWPRAD\OneDrive - Capgemini\Desktop\CulturoFesto Project\backend workspace\cf-admin-service\target\classes started by biswprad in C:\Users\BISWPRAD\OneDrive - Capgemini\Desktop\CulturoFesto Project\backend workspace\cf-admin-service)
2023-06-11 20:23:00,998 [DEBUG] com.adminservice.CfAdminServiceApplication [restartedMain] Running with Spring Boot v2.7.12, Spring v5.3.27
2023-06-11 20:23:00,999 [INFO] com.adminservice.CfAdminServiceApplication [restartedMain] No active profile set, falling back to 1 default profile: "default"
2023-06-11 20:23:08,153 [INFO] com.adminservice.CfAdminServiceApplication [restartedMain] Started CfAdminServiceApplication in 7.797 seconds (JVM running for 8.683)
2023-06-11 20:23:46,352 [INFO] com.adminservice.CfAdminServiceApplication [restartedMain] Starting CfAdminServiceApplication using Java 17.0.7 on inlen8520086507 with PID 4920 (C:\Users\BISWPRAD\OneDrive - Capgemini\Desktop\CulturoFesto Project\backend workspace\cf-admin-service\target\classes started by biswprad in C:\Users\BISWPRAD\OneDrive - Capgemini\Desktop\CulturoFesto Project\backend workspace\cf-admin-service)
2023-06-11 20:23:46,352 [DEBUG] com.adminservice.CfAdminServiceApplication [restartedMain] Running with Spring Boot v2.7.12, Spring v5.3.27
2023-06-11 20:23:46,352 [INFO] com.adminservice.CfAdminServiceApplication [restartedMain] No active profile set, falling back to 1 default profile: "default"
2023-06-11 20:23:48,242 [INFO] com.adminservice.CfAdminServiceApplication [restartedMain] Started CfAdminServiceApplication in 2.134 seconds (JVM running for 48.772)
2023-06-11 20:24:03,467 [INFO] com.adminservice.CfAdminServiceApplication [restartedMain] Starting CfAdminServiceApplication using Java 17.0.7 on inlen8520086507 with PID 4920 (C:\Users\BISWPRAD\OneDrive - Capgemini\Desktop\CulturoFesto Project\backend workspace\cf-admin-service\target\classes started by biswprad in C:\Users\BISWPRAD\OneDrive - Capgemini\Desktop\CulturoFesto Project\backend workspace\cf-admin-service)
2023-06-11 20:24:03,468 [DEBUG] com.adminservice.CfAdminServiceApplication [restartedMain] Running with Spring Boot v2.7.12, Spring v5.3.27
2023-06-11 20:24:03,468 [INFO] com.adminservice.CfAdminServiceApplication [restartedMain] No active profile set, falling back to 1 default profile: "default"
2023-06-11 20:24:04,999 [INFO] com.adminservice.CfAdminServiceApplication [restartedMain] Started CfAdminServiceApplication in 1.692 seconds (JVM running for 65.531)
2023-06-11 20:24:18,429 [INFO] com.adminservice.CfAdminServiceApplication [restartedMain] Starting CfAdminServiceApplication using Java 17.0.7 on inlen8520086507 with PID 16796 (C:\Users\BISWPRAD\OneDrive - Capgemini\Desktop\CulturoFesto Project\backend workspace\cf-admin-service\target\classes started by biswprad in C:\Users\BISWPRAD\OneDrive - Capgemini\Desktop\CulturoFesto Project\backend workspace\cf-admin-service)
2023-06-11 20:24:18,433 [DEBUG] com.adminservice.CfAdminServiceApplication [restartedMain] Running with Spring Boot v2.7.12, Spring v5.3.27
2023-06-11 20:24:18,436 [INFO] com.adminservice.CfAdminServiceApplication [restartedMain] No active profile set, falling back to 1 default profile: "default"
2023-06-11 20:24:25,439 [INFO] com.adminservice.CfAdminServiceApplication [restartedMain] Started CfAdminServiceApplication in 7.71 seconds (JVM running for 8.642)
2023-06-11 20:26:27,520 [TRACE] com.adminservice.controller.EventController [http-nio-9001-exec-2] Fetching all events
2023-06-11 20:26:27,520 [INFO] com.adminservice.serviceimpl.EventServiceImpl [http-nio-9001-exec-2] Fetching all events
2023-06-11 20:26:28,043 [INFO] com.adminservice.serviceimpl.EventServiceImpl [http-nio-9001-exec-2] Returning 2 events
2023-06-11 20:26:32,417 [TRACE] com.adminservice.controller.EventController [http-nio-9001-exec-3] Fetching all events
2023-06-11 20:26:32,418 [INFO] com.adminservice.serviceimpl.EventServiceImpl [http-nio-9001-exec-3] Fetching all events
2023-06-11 20:26:32,440 [INFO] com.adminservice.serviceimpl.EventServiceImpl [http-nio-9001-exec-3] Returning 2 events
