2023-06-12 11:48:55,166 [INFO] com.adminservice.serviceimpl.EventServiceImpl [http-nio-9001-exec-6] Event found with ID: 44
2023-06-12 11:49:04,297 [DEBUG] com.adminservice.controller.EventController [http-nio-9001-exec-10] Updating event with eventId: 44
2023-06-12 11:49:04,300 [INFO] com.adminservice.serviceimpl.EventServiceImpl [http-nio-9001-exec-10] Updating event with ID: 44
2023-06-12 11:49:04,300 [INFO] com.adminservice.serviceimpl.EventServiceImpl [http-nio-9001-exec-10] Fetching event with ID: 44
2023-06-12 11:49:04,300 [INFO] com.adminservice.serviceimpl.EventServiceImpl [http-nio-9001-exec-10] Event found with ID: 44
2023-06-12 11:49:04,329 [INFO] com.adminservice.serviceimpl.EventServiceImpl [http-nio-9001-exec-10] Event data and image updated successfully
2023-06-12 11:52:40,366 [DEBUG] com.adminservice.controller.EventController [http-nio-9001-exec-9] Adding a new event
2023-06-12 11:52:40,369 [INFO] com.adminservice.serviceimpl.EventServiceImpl [http-nio-9001-exec-9] Adding event: Dasahara
2023-06-12 11:52:40,419 [INFO] com.adminservice.serviceimpl.EventServiceImpl [http-nio-9001-exec-9] Event data and image uploaded successfully
2023-06-12 11:53:06,783 [DEBUG] com.adminservice.controller.EventController [http-nio-9001-exec-2] Adding a new event
2023-06-12 11:53:06,789 [INFO] com.adminservice.serviceimpl.EventServiceImpl [http-nio-9001-exec-2] Adding event: Dasahara
2023-06-12 11:53:06,818 [INFO] com.adminservice.serviceimpl.EventServiceImpl [http-nio-9001-exec-2] Event data and image uploaded successfully
2023-06-12 11:53:21,489 [TRACE] com.adminservice.controller.EventController [http-nio-9001-exec-6] Fetching all events
2023-06-12 11:53:21,489 [INFO] com.adminservice.serviceimpl.EventServiceImpl [http-nio-9001-exec-6] Fetching all events
2023-06-12 11:53:21,509 [INFO] com.adminservice.serviceimpl.EventServiceImpl [http-nio-9001-exec-6] Returning 5 events
2023-06-12 11:53:27,631 [TRACE] com.adminservice.controller.EventController [http-nio-9001-exec-7] Fetching event by eventId: 46
2023-06-12 11:53:27,632 [INFO] com.adminservice.serviceimpl.EventServiceImpl [http-nio-9001-exec-7] Fetching event with ID: 46
2023-06-12 11:53:27,638 [INFO] com.adminservice.serviceimpl.EventServiceImpl [http-nio-9001-exec-7] Event found with ID: 46
2023-06-12 11:53:55,725 [TRACE] com.adminservice.controller.EventController [http-nio-9001-exec-1] Fetching all events
2023-06-12 11:53:55,725 [INFO] com.adminservice.serviceimpl.EventServiceImpl [http-nio-9001-exec-1] Fetching all events
2023-06-12 11:53:55,745 [INFO] com.adminservice.serviceimpl.EventServiceImpl [http-nio-9001-exec-1] Returning 5 events
2023-06-12 11:53:57,599 [TRACE] com.adminservice.controller.EventController [http-nio-9001-exec-8] Fetching all events
2023-06-12 11:53:57,600 [INFO] com.adminservice.serviceimpl.EventServiceImpl [http-nio-9001-exec-8] Fetching all events
2023-06-12 11:53:57,620 [INFO] com.adminservice.serviceimpl.EventServiceImpl [http-nio-9001-exec-8] Returning 5 events
2023-06-12 11:54:22,210 [DEBUG] com.adminservice.controller.EventController [http-nio-9001-exec-3] Deleting event with eventId: 46
2023-06-12 11:54:22,211 [INFO] com.adminservice.serviceimpl.EventServiceImpl [http-nio-9001-exec-3] Deleting event with ID: 46
2023-06-12 11:54:22,229 [INFO] com.adminservice.serviceimpl.EventServiceImpl [http-nio-9001-exec-3] Event deleted successfully
2023-06-12 11:54:22,247 [TRACE] com.adminservice.controller.EventController [http-nio-9001-exec-6] Fetching all events
2023-06-12 11:54:22,247 [INFO] com.adminservice.serviceimpl.EventServiceImpl [http-nio-9001-exec-6] Fetching all events
2023-06-12 11:54:22,261 [INFO] com.adminservice.serviceimpl.EventServiceImpl [http-nio-9001-exec-6] Returning 4 events
2023-06-12 11:54:43,782 [TRACE] com.adminservice.controller.EventController [http-nio-9001-exec-7] Fetching all events
2023-06-12 11:54:43,782 [INFO] com.adminservice.serviceimpl.EventServiceImpl [http-nio-9001-exec-7] Fetching all events
2023-06-12 11:54:43,799 [INFO] com.adminservice.serviceimpl.EventServiceImpl [http-nio-9001-exec-7] Returning 4 events
2023-06-12 11:54:45,496 [TRACE] com.adminservice.controller.EventController [http-nio-9001-exec-10] Fetching event by eventId: 42
2023-06-12 11:54:45,504 [INFO] com.adminservice.serviceimpl.EventServiceImpl [http-nio-9001-exec-10] Fetching event with ID: 42
2023-06-12 11:54:45,510 [INFO] com.adminservice.serviceimpl.EventServiceImpl [http-nio-9001-exec-10] Event found with ID: 42
2023-06-12 11:55:07,938 [TRACE] com.adminservice.controller.EventController [http-nio-9001-exec-5] Fetching all events
2023-06-12 11:55:07,938 [INFO] com.adminservice.serviceimpl.EventServiceImpl [http-nio-9001-exec-5] Fetching all events
2023-06-12 11:55:07,954 [INFO] com.adminservice.serviceimpl.EventServiceImpl [http-nio-9001-exec-5] Returning 4 events
2023-06-12 11:55:09,821 [TRACE] com.adminservice.controller.EventController [http-nio-9001-exec-1] Fetching event by eventId: 42
2023-06-12 11:55:09,829 [INFO] com.adminservice.serviceimpl.EventServiceImpl [http-nio-9001-exec-1] Fetching event with ID: 42
2023-06-12 11:55:09,834 [INFO] com.adminservice.serviceimpl.EventServiceImpl [http-nio-9001-exec-1] Event found with ID: 42
