2023-06-10 23:32:20,079 [INFO] com.adminservice.CfAdminServiceApplicationTests [main] Started CfAdminServiceApplicationTests in 14.091 seconds (JVM running for 17.767)
2023-06-10 23:32:20,705 [TRACE] com.adminservice.controller.EventController [main] Fetching event by eventId: 1
2023-06-10 23:32:20,714 [WARN] com.adminservice.controller.EventController [main] EventNotFoundException occurred: Could not find any event
2023-06-10 23:32:20,827 [TRACE] com.adminservice.controller.EventController [main] Fetching all events
2023-06-10 23:32:20,828 [WARN] com.adminservice.controller.EventController [main] NoEventsFoundException occurred: No events are there in the database
2023-06-10 23:32:21,072 [TRACE] com.adminservice.controller.EventController [main] Fetching event by eventId: 1
2023-06-10 23:32:21,073 [TRACE] com.adminservice.controller.EventController [main] Fetching event image by eventId: 1
2023-06-10 23:32:21,096 [TRACE] com.adminservice.controller.EventController [main] Fetching event by eventId: 1
2023-06-10 23:32:21,098 [ERROR] com.adminservice.controller.EventController [main] Exception occurred: An error occurred
2023-06-10 23:32:21,122 [TRACE] com.adminservice.controller.EventController [main] Fetching event by eventId: 1
2023-06-10 23:32:21,123 [WARN] com.adminservice.controller.EventController [main] EventNotFoundException occurred: An error occurred
2023-06-10 23:32:21,146 [TRACE] com.adminservice.controller.EventController [main] Fetching all events
2023-06-10 23:32:21,197 [TRACE] com.adminservice.controller.EventController [main] Fetching all events
2023-06-10 23:32:21,241 [TRACE] com.adminservice.controller.EventController [main] Fetching all events
2023-06-10 23:32:21,358 [INFO] com.adminservice.serviceimpl.EventServiceImpl [main] Adding event: Event Name
2023-06-10 23:32:21,361 [INFO] com.adminservice.serviceimpl.EventServiceImpl [main] Event data and image uploaded successfully
2023-06-10 23:33:01,166 [INFO] com.adminservice.CfAdminServiceApplicationTests [main] Starting CfAdminServiceApplicationTests using Java 17.0.7 on inlen8520086507 with PID 16448 (started by biswprad in C:\Users\BISWPRAD\OneDrive - Capgemini\Desktop\CulturoFesto Project\backend workspace\cf-admin-service)
2023-06-10 23:33:01,172 [DEBUG] com.adminservice.CfAdminServiceApplicationTests [main] Running with Spring Boot v2.7.12, Spring v5.3.27
2023-06-10 23:33:01,173 [INFO] com.adminservice.CfAdminServiceApplicationTests [main] No active profile set, falling back to 1 default profile: "default"
2023-06-10 23:33:11,915 [INFO] com.adminservice.CfAdminServiceApplicationTests [main] Started CfAdminServiceApplicationTests in 11.413 seconds (JVM running for 14.334)
2023-06-10 23:33:12,543 [TRACE] com.adminservice.controller.EventController [main] Fetching event by eventId: 1
2023-06-10 23:33:12,553 [WARN] com.adminservice.controller.EventController [main] EventNotFoundException occurred: Could not find any event
2023-06-10 23:33:12,666 [TRACE] com.adminservice.controller.EventController [main] Fetching all events
2023-06-10 23:33:12,667 [WARN] com.adminservice.controller.EventController [main] NoEventsFoundException occurred: No events are there in the database
2023-06-10 23:33:12,971 [TRACE] com.adminservice.controller.EventController [main] Fetching event by eventId: 1
2023-06-10 23:33:12,973 [TRACE] com.adminservice.controller.EventController [main] Fetching event image by eventId: 1
2023-06-10 23:33:13,012 [TRACE] com.adminservice.controller.EventController [main] Fetching event by eventId: 1
2023-06-10 23:33:13,013 [ERROR] com.adminservice.controller.EventController [main] Exception occurred: An error occurred
2023-06-10 23:33:13,066 [TRACE] com.adminservice.controller.EventController [main] Fetching event by eventId: 1
2023-06-10 23:33:13,067 [WARN] com.adminservice.controller.EventController [main] EventNotFoundException occurred: An error occurred
2023-06-10 23:33:13,100 [TRACE] com.adminservice.controller.EventController [main] Fetching all events
2023-06-10 23:33:13,160 [TRACE] com.adminservice.controller.EventController [main] Fetching all events
2023-06-10 23:33:13,228 [TRACE] com.adminservice.controller.EventController [main] Fetching all events
2023-06-10 23:33:13,429 [INFO] com.adminservice.serviceimpl.EventServiceImpl [main] Adding event: Event Name
2023-06-10 23:33:13,434 [INFO] com.adminservice.serviceimpl.EventServiceImpl [main] Event data and image uploaded successfully
2023-06-10 23:38:17,569 [INFO] com.adminservice.CfAdminServiceApplication [restartedMain] Starting CfAdminServiceApplication using Java 17.0.7 on inlen8520086507 with PID 20504 (C:\Users\BISWPRAD\OneDrive - Capgemini\Desktop\CulturoFesto Project\backend workspace\cf-admin-service\target\classes started by biswprad in C:\Users\BISWPRAD\OneDrive - Capgemini\Desktop\CulturoFesto Project\backend workspace\cf-admin-service)
2023-06-10 23:38:17,574 [DEBUG] com.adminservice.CfAdminServiceApplication [restartedMain] Running with Spring Boot v2.7.12, Spring v5.3.27
2023-06-10 23:38:17,575 [INFO] com.adminservice.CfAdminServiceApplication [restartedMain] No active profile set, falling back to 1 default profile: "default"
