2023-06-11 10:56:08,692 [INFO] com.adminservice.serviceimpl.EventServiceImpl [http-nio-9001-exec-7] Fetching event with ID: 43
2023-06-11 10:56:08,699 [INFO] com.adminservice.serviceimpl.EventServiceImpl [http-nio-9001-exec-7] Event found with ID: 43
2023-06-11 10:56:08,712 [INFO] com.adminservice.serviceimpl.EventServiceImpl [http-nio-9001-exec-7] Event data and image updated successfully
2023-06-11 10:56:10,574 [TRACE] com.adminservice.controller.EventController [http-nio-9001-exec-10] Fetching all events
2023-06-11 10:56:10,574 [INFO] com.adminservice.serviceimpl.EventServiceImpl [http-nio-9001-exec-10] Fetching all events
2023-06-11 10:56:10,586 [INFO] com.adminservice.serviceimpl.EventServiceImpl [http-nio-9001-exec-10] Returning 3 events
2023-06-11 10:56:56,676 [DEBUG] com.adminservice.controller.EventController [http-nio-9001-exec-1] Deleting event with eventId: 44
2023-06-11 10:56:56,676 [INFO] com.adminservice.serviceimpl.EventServiceImpl [http-nio-9001-exec-1] Deleting event with ID: 44
2023-06-11 10:56:56,707 [INFO] com.adminservice.serviceimpl.EventServiceImpl [http-nio-9001-exec-1] Event deleted successfully
2023-06-11 10:56:56,927 [TRACE] com.adminservice.controller.EventController [http-nio-9001-exec-4] Fetching all events
2023-06-11 10:56:56,927 [INFO] com.adminservice.serviceimpl.EventServiceImpl [http-nio-9001-exec-4] Fetching all events
2023-06-11 10:56:56,940 [INFO] com.adminservice.serviceimpl.EventServiceImpl [http-nio-9001-exec-4] Returning 2 events
2023-06-11 11:01:00,790 [TRACE] com.adminservice.controller.EventController [http-nio-9001-exec-8] Fetching all events
2023-06-11 11:01:00,791 [INFO] com.adminservice.serviceimpl.EventServiceImpl [http-nio-9001-exec-8] Fetching all events
2023-06-11 11:01:00,804 [INFO] com.adminservice.serviceimpl.EventServiceImpl [http-nio-9001-exec-8] Returning 2 events
2023-06-11 11:14:38,949 [TRACE] com.adminservice.controller.EventController [http-nio-9001-exec-1] Fetching all events
2023-06-11 11:14:38,950 [INFO] com.adminservice.serviceimpl.EventServiceImpl [http-nio-9001-exec-1] Fetching all events
2023-06-11 11:14:38,969 [INFO] com.adminservice.serviceimpl.EventServiceImpl [http-nio-9001-exec-1] Returning 2 events
2023-06-11 11:16:49,326 [ERROR] com.netflix.discovery.DiscoveryClient [Thread-85] DiscoveryClient_ADMIN-SERVICE/inlen8520086507.corp.capgemini.com:admin-service:9001 - de-registration failedCannot execute request on any known server
com.netflix.discovery.shared.transport.TransportException: Cannot execute request on any known server
	at com.netflix.discovery.shared.transport.decorator.RetryableEurekaHttpClient.execute(RetryableEurekaHttpClient.java:112)
	at com.netflix.discovery.shared.transport.decorator.EurekaHttpClientDecorator.cancel(EurekaHttpClientDecorator.java:71)
	at com.netflix.discovery.shared.transport.decorator.EurekaHttpClientDecorator$2.execute(EurekaHttpClientDecorator.java:74)
	at com.netflix.discovery.shared.transport.decorator.SessionedEurekaHttpClient.execute(SessionedEurekaHttpClient.java:77)
	at com.netflix.discovery.shared.transport.decorator.EurekaHttpClientDecorator.cancel(EurekaHttpClientDecorator.java:71)
	at com.netflix.discovery.DiscoveryClient.unregister(DiscoveryClient.java:972)
	at com.netflix.discovery.DiscoveryClient.shutdown(DiscoveryClient.java:948)
	at java.base/jdk.internal.reflect.NativeMethodAccessorImpl.invoke0(Native Method)
	at java.base/jdk.internal.reflect.NativeMethodAccessorImpl.invoke(NativeMethodAccessorImpl.java:77)
	at java.base/jdk.internal.reflect.DelegatingMethodAccessorImpl.invoke(DelegatingMethodAccessorImpl.java:43)
	at java.base/java.lang.reflect.Method.invoke(Method.java:568)
	at org.springframework.beans.factory.annotation.InitDestroyAnnotationBeanPostProcessor$LifecycleElement.invoke(InitDestroyAnnotationBeanPostProcessor.java:389)
	at org.springframework.beans.factory.annotation.InitDestroyAnnotationBeanPostProcessor$LifecycleMetadata.invokeDestroyMethods(InitDestroyAnnotationBeanPostProcessor.java:347)
	at org.springframework.beans.factory.annotation.InitDestroyAnnotationBeanPostProcessor.postProcessBeforeDestruction(InitDestroyAnnotationBeanPostProcessor.java:177)
	at org.springframework.beans.factory.support.DisposableBeanAdapter.destroy(DisposableBeanAdapter.java:197)
	at org.springframework.beans.factory.support.DisposableBeanAdapter.run(DisposableBeanAdapter.java:190)
	at org.springframework.cloud.context.scope.GenericScope$BeanLifecycleWrapper.destroy(GenericScope.java:390)
	at org.springframework.cloud.context.scope.GenericScope.destroy(GenericScope.java:136)
	at org.springframework.beans.factory.support.DisposableBeanAdapter.destroy(DisposableBeanAdapter.java:213)
	at org.springframework.beans.factory.support.DefaultSingletonBeanRegistry.destroyBean(DefaultSingletonBeanRegistry.java:587)
	at org.springframework.beans.factory.support.DefaultSingletonBeanRegistry.destroySingleton(DefaultSingletonBeanRegistry.java:559)
	at org.springframework.beans.factory.support.DefaultListableBeanFactory.destroySingleton(DefaultListableBeanFactory.java:1163)
	at org.springframework.beans.factory.support.DefaultSingletonBeanRegistry.destroySingletons(DefaultSingletonBeanRegistry.java:520)
	at org.springframework.beans.factory.support.DefaultListableBeanFactory.destroySingletons(DefaultListableBeanFactory.java:1156)
	at org.springframework.context.support.AbstractApplicationContext.destroyBeans(AbstractApplicationContext.java:1108)
	at org.springframework.context.support.AbstractApplicationContext.doClose(AbstractApplicationContext.java:1077)
	at org.springframework.boot.web.servlet.context.ServletWebServerApplicationContext.doClose(ServletWebServerApplicationContext.java:174)
	at org.springframework.context.support.AbstractApplicationContext.close(AbstractApplicationContext.java:1023)
	at org.springframework.boot.devtools.restart.Restarter.stop(Restarter.java:309)
	at org.springframework.boot.devtools.restart.Restarter.lambda$restart$1(Restarter.java:251)
	at org.springframework.boot.devtools.restart.Restarter$LeakSafeThread.run(Restarter.java:629)
2023-06-11 11:16:49,557 [INFO] com.adminservice.CfAdminServiceApplication [restartedMain] Starting CfAdminServiceApplication using Java 17.0.7 on inlen8520086507 with PID 17412 (C:\Users\BISWPRAD\OneDrive - Capgemini\Desktop\CulturoFesto Project\backend workspace\cf-admin-service\target\classes started by biswprad in C:\Users\BISWPRAD\OneDrive - Capgemini\Desktop\CulturoFesto Project\backend workspace\cf-admin-service)
2023-06-11 11:16:49,557 [DEBUG] com.adminservice.CfAdminServiceApplication [restartedMain] Running with Spring Boot v2.7.12, Spring v5.3.27
2023-06-11 11:16:49,557 [INFO] com.adminservice.CfAdminServiceApplication [restartedMain] No active profile set, falling back to 1 default profile: "default"
