2023-06-11 20:28:09,938 [DEBUG] com.adminservice.controller.EventController [http-nio-9001-exec-5] Updating event with eventId: 44
2023-06-11 20:28:09,979 [INFO] com.adminservice.serviceimpl.EventServiceImpl [http-nio-9001-exec-5] Updating event with ID: 44
2023-06-11 20:28:09,987 [INFO] com.adminservice.serviceimpl.EventServiceImpl [http-nio-9001-exec-5] Fetching event with ID: 44
2023-06-11 20:28:10,041 [INFO] com.adminservice.serviceimpl.EventServiceImpl [http-nio-9001-exec-5] Event found with ID: 44
2023-06-11 20:28:10,223 [INFO] com.adminservice.serviceimpl.EventServiceImpl [http-nio-9001-exec-5] Event data and image updated successfully
2023-06-11 20:28:20,077 [TRACE] com.adminservice.controller.EventController [http-nio-9001-exec-6] Fetching all events
2023-06-11 20:28:20,087 [INFO] com.adminservice.serviceimpl.EventServiceImpl [http-nio-9001-exec-6] Fetching all events
2023-06-11 20:28:20,103 [INFO] com.adminservice.serviceimpl.EventServiceImpl [http-nio-9001-exec-6] Returning 3 events
2023-06-11 20:28:28,592 [DEBUG] com.adminservice.controller.EventController [http-nio-9001-exec-7] Deleting event with eventId: 42
2023-06-11 20:28:28,592 [INFO] com.adminservice.serviceimpl.EventServiceImpl [http-nio-9001-exec-7] Deleting event with ID: 42
2023-06-11 20:28:28,623 [INFO] com.adminservice.serviceimpl.EventServiceImpl [http-nio-9001-exec-7] Event deleted successfully
2023-06-11 20:28:28,640 [TRACE] com.adminservice.controller.EventController [http-nio-9001-exec-8] Fetching all events
2023-06-11 20:28:28,640 [INFO] com.adminservice.serviceimpl.EventServiceImpl [http-nio-9001-exec-8] Fetching all events
2023-06-11 20:28:28,656 [INFO] com.adminservice.serviceimpl.EventServiceImpl [http-nio-9001-exec-8] Returning 2 events
2023-06-11 20:28:43,593 [DEBUG] com.adminservice.controller.EventController [http-nio-9001-exec-9] Deleting event with eventId: 43
2023-06-11 20:28:43,593 [INFO] com.adminservice.serviceimpl.EventServiceImpl [http-nio-9001-exec-9] Deleting event with ID: 43
2023-06-11 20:28:43,622 [INFO] com.adminservice.serviceimpl.EventServiceImpl [http-nio-9001-exec-9] Event deleted successfully
2023-06-11 20:28:43,861 [TRACE] com.adminservice.controller.EventController [http-nio-9001-exec-10] Fetching all events
2023-06-11 20:28:43,863 [INFO] com.adminservice.serviceimpl.EventServiceImpl [http-nio-9001-exec-10] Fetching all events
2023-06-11 20:28:43,870 [INFO] com.adminservice.serviceimpl.EventServiceImpl [http-nio-9001-exec-10] Returning 1 events
2023-06-11 20:28:45,056 [DEBUG] com.adminservice.controller.EventController [http-nio-9001-exec-1] Deleting event with eventId: 44
2023-06-11 20:28:45,058 [INFO] com.adminservice.serviceimpl.EventServiceImpl [http-nio-9001-exec-1] Deleting event with ID: 44
2023-06-11 20:28:45,085 [INFO] com.adminservice.serviceimpl.EventServiceImpl [http-nio-9001-exec-1] Event deleted successfully
2023-06-11 20:28:45,409 [TRACE] com.adminservice.controller.EventController [http-nio-9001-exec-2] Fetching all events
2023-06-11 20:28:45,409 [INFO] com.adminservice.serviceimpl.EventServiceImpl [http-nio-9001-exec-2] Fetching all events
2023-06-11 20:28:45,422 [INFO] com.adminservice.serviceimpl.EventServiceImpl [http-nio-9001-exec-2] Returning 0 events
2023-06-11 20:28:45,426 [WARN] com.adminservice.controller.EventController [http-nio-9001-exec-2] NoEventsFoundException occurred: No events are there in the database
2023-06-11 20:28:47,845 [DEBUG] com.adminservice.controller.EventController [http-nio-9001-exec-3] Deleting event with eventId: 44
2023-06-11 20:28:47,845 [INFO] com.adminservice.serviceimpl.EventServiceImpl [http-nio-9001-exec-3] Deleting event with ID: 44
2023-06-11 20:28:47,861 [INFO] com.adminservice.serviceimpl.EventServiceImpl [http-nio-9001-exec-3] Event deleted successfully
2023-06-11 20:28:48,192 [TRACE] com.adminservice.controller.EventController [http-nio-9001-exec-4] Fetching all events
2023-06-11 20:28:48,192 [INFO] com.adminservice.serviceimpl.EventServiceImpl [http-nio-9001-exec-4] Fetching all events
2023-06-11 20:28:48,192 [INFO] com.adminservice.serviceimpl.EventServiceImpl [http-nio-9001-exec-4] Returning 0 events
2023-06-11 20:28:48,201 [WARN] com.adminservice.controller.EventController [http-nio-9001-exec-4] NoEventsFoundException occurred: No events are there in the database
2023-06-11 20:28:49,943 [TRACE] com.adminservice.controller.EventController [http-nio-9001-exec-5] Fetching all events
2023-06-11 20:28:49,955 [INFO] com.adminservice.serviceimpl.EventServiceImpl [http-nio-9001-exec-5] Fetching all events
2023-06-11 20:28:49,964 [INFO] com.adminservice.serviceimpl.EventServiceImpl [http-nio-9001-exec-5] Returning 0 events
2023-06-11 20:28:49,964 [WARN] com.adminservice.controller.EventController [http-nio-9001-exec-5] NoEventsFoundException occurred: No events are there in the database
2023-06-11 20:28:54,190 [DEBUG] com.adminservice.controller.EventController [http-nio-9001-exec-6] Updating event with eventId: 44
2023-06-11 20:28:54,206 [INFO] com.adminservice.serviceimpl.EventServiceImpl [http-nio-9001-exec-6] Updating event with ID: 44
2023-06-11 20:28:54,206 [INFO] com.adminservice.serviceimpl.EventServiceImpl [http-nio-9001-exec-6] Fetching event with ID: 44
