2023-06-11 11:26:15,826 [TRACE] com.adminservice.controller.EventController [main] Fetching all events
2023-06-11 11:26:15,867 [TRACE] com.adminservice.controller.EventController [main] Fetching all events
2023-06-11 11:26:15,986 [INFO] com.adminservice.serviceimpl.EventServiceImpl [main] Fetching event with ID: 1
2023-06-11 11:26:15,987 [INFO] com.adminservice.serviceimpl.EventServiceImpl [main] Event found with ID: 1
2023-06-11 11:26:16,017 [INFO] com.adminservice.serviceimpl.EventServiceImpl [main] Deleting event with ID: 1
2023-06-11 11:26:16,040 [INFO] com.adminservice.serviceimpl.EventServiceImpl [main] Deleting event with ID: 1
2023-06-11 11:26:16,045 [WARN] com.adminservice.serviceimpl.EventServiceImpl [main] Event not found with ID: 1
2023-06-11 11:26:16,065 [INFO] com.adminservice.serviceimpl.EventServiceImpl [main] Updating event with ID: 1
2023-06-11 11:26:16,065 [INFO] com.adminservice.serviceimpl.EventServiceImpl [main] Fetching event with ID: 1
2023-06-11 11:26:16,066 [INFO] com.adminservice.serviceimpl.EventServiceImpl [main] Event found with ID: 1
2023-06-11 11:26:16,071 [INFO] com.adminservice.serviceimpl.EventServiceImpl [main] Event data and image updated successfully
2023-06-11 11:26:16,084 [INFO] com.adminservice.serviceimpl.EventServiceImpl [main] Adding event: Event Name
2023-06-11 11:26:16,085 [INFO] com.adminservice.serviceimpl.EventServiceImpl [main] Event data and image uploaded successfully
2023-06-11 11:26:16,094 [INFO] com.adminservice.serviceimpl.EventServiceImpl [main] Deleting event with ID: 1
2023-06-11 11:26:16,095 [INFO] com.adminservice.serviceimpl.EventServiceImpl [main] Event deleted successfully
2023-06-11 18:55:26,315 [INFO] com.adminservice.CfAdminServiceApplication [restartedMain] Starting CfAdminServiceApplication using Java 17.0.7 on inlen8520086507 with PID 12804 (C:\Users\BISWPRAD\OneDrive - Capgemini\Desktop\CulturoFesto Project\backend workspace\cf-admin-service\target\classes started by biswprad in C:\Users\BISWPRAD\OneDrive - Capgemini\Desktop\CulturoFesto Project\backend workspace\cf-admin-service)
2023-06-11 18:55:26,320 [DEBUG] com.adminservice.CfAdminServiceApplication [restartedMain] Running with Spring Boot v2.7.12, Spring v5.3.27
2023-06-11 18:55:26,321 [INFO] com.adminservice.CfAdminServiceApplication [restartedMain] No active profile set, falling back to 1 default profile: "default"
2023-06-11 18:55:33,208 [INFO] com.adminservice.CfAdminServiceApplication [restartedMain] Started CfAdminServiceApplication in 7.555 seconds (JVM running for 8.446)
2023-06-11 19:50:49,301 [INFO] com.adminservice.CfAdminServiceApplicationTests [main] Starting CfAdminServiceApplicationTests using Java 17.0.7 on inlen8520086507 with PID 17608 (started by biswprad in C:\Users\BISWPRAD\OneDrive - Capgemini\Desktop\CulturoFesto Project\backend workspace\cf-admin-service)
2023-06-11 19:50:49,308 [DEBUG] com.adminservice.CfAdminServiceApplicationTests [main] Running with Spring Boot v2.7.12, Spring v5.3.27
2023-06-11 19:50:49,310 [INFO] com.adminservice.CfAdminServiceApplicationTests [main] No active profile set, falling back to 1 default profile: "default"
2023-06-11 19:51:01,950 [INFO] com.adminservice.CfAdminServiceApplicationTests [main] Started CfAdminServiceApplicationTests in 13.504 seconds (JVM running for 16.913)
2023-06-11 19:51:02,412 [TRACE] com.adminservice.controller.EventController [main] Fetching event by eventId: 1
2023-06-11 19:51:02,418 [WARN] com.adminservice.controller.EventController [main] EventNotFoundException occurred: Could not find any event
2023-06-11 19:51:02,483 [TRACE] com.adminservice.controller.EventController [main] Fetching all events
2023-06-11 19:51:02,484 [WARN] com.adminservice.controller.EventController [main] NoEventsFoundException occurred: No events are there in the database
2023-06-11 19:51:02,661 [TRACE] com.adminservice.controller.EventController [main] Fetching event by eventId: 1
2023-06-11 19:51:02,662 [TRACE] com.adminservice.controller.EventController [main] Fetching event image by eventId: 1
2023-06-11 19:51:02,686 [TRACE] com.adminservice.controller.EventController [main] Fetching event by eventId: 1
2023-06-11 19:51:02,687 [ERROR] com.adminservice.controller.EventController [main] Exception occurred: An error occurred
2023-06-11 19:51:02,704 [TRACE] com.adminservice.controller.EventController [main] Fetching event by eventId: 1
2023-06-11 19:51:02,706 [WARN] com.adminservice.controller.EventController [main] EventNotFoundException occurred: An error occurred
2023-06-11 19:51:02,726 [DEBUG] com.adminservice.controller.EventController [main] Deleting event with eventId: 1
2023-06-11 19:51:02,744 [TRACE] com.adminservice.controller.EventController [main] Fetching all events
2023-06-11 19:51:02,780 [TRACE] com.adminservice.controller.EventController [main] Fetching all events
2023-06-11 19:51:02,810 [TRACE] com.adminservice.controller.EventController [main] Fetching all events
2023-06-11 19:51:02,901 [INFO] com.adminservice.serviceimpl.EventServiceImpl [main] Fetching event with ID: 1
2023-06-11 19:51:02,902 [INFO] com.adminservice.serviceimpl.EventServiceImpl [main] Event found with ID: 1
2023-06-11 19:51:02,920 [INFO] com.adminservice.serviceimpl.EventServiceImpl [main] Deleting event with ID: 1
2023-06-11 19:51:02,930 [INFO] com.adminservice.serviceimpl.EventServiceImpl [main] Deleting event with ID: 1
2023-06-11 19:51:02,932 [WARN] com.adminservice.serviceimpl.EventServiceImpl [main] Event not found with ID: 1
