2023-06-12 11:16:31,768 [INFO] com.adminservice.serviceimpl.EventServiceImpl [http-nio-9001-exec-9] Event found with ID: 42
2023-06-12 11:19:14,497 [TRACE] com.adminservice.controller.EventController [http-nio-9001-exec-3] Fetching event by eventId: 42
2023-06-12 11:19:14,498 [INFO] com.adminservice.serviceimpl.EventServiceImpl [http-nio-9001-exec-3] Fetching event with ID: 42
2023-06-12 11:19:14,501 [INFO] com.adminservice.serviceimpl.EventServiceImpl [http-nio-9001-exec-3] Event found with ID: 42
2023-06-12 11:19:32,826 [TRACE] com.adminservice.controller.EventController [http-nio-9001-exec-6] Fetching event by eventId: 42
2023-06-12 11:19:32,826 [INFO] com.adminservice.serviceimpl.EventServiceImpl [http-nio-9001-exec-6] Fetching event with ID: 42
2023-06-12 11:19:32,834 [INFO] com.adminservice.serviceimpl.EventServiceImpl [http-nio-9001-exec-6] Event found with ID: 42
2023-06-12 11:20:00,053 [TRACE] com.adminservice.controller.EventController [http-nio-9001-exec-4] Fetching all events
2023-06-12 11:20:00,054 [INFO] com.adminservice.serviceimpl.EventServiceImpl [http-nio-9001-exec-4] Fetching all events
2023-06-12 11:20:00,076 [INFO] com.adminservice.serviceimpl.EventServiceImpl [http-nio-9001-exec-4] Returning 3 events
2023-06-12 11:20:27,639 [TRACE] com.adminservice.controller.EventController [http-nio-9001-exec-1] Fetching all events
2023-06-12 11:20:27,640 [INFO] com.adminservice.serviceimpl.EventServiceImpl [http-nio-9001-exec-1] Fetching all events
2023-06-12 11:20:27,662 [INFO] com.adminservice.serviceimpl.EventServiceImpl [http-nio-9001-exec-1] Returning 3 events
2023-06-12 11:22:56,657 [DEBUG] com.adminservice.controller.EventController [http-nio-9001-exec-9] Updating event with eventId: 43
2023-06-12 11:22:56,677 [INFO] com.adminservice.serviceimpl.EventServiceImpl [http-nio-9001-exec-9] Updating event with ID: 43
2023-06-12 11:22:56,677 [INFO] com.adminservice.serviceimpl.EventServiceImpl [http-nio-9001-exec-9] Fetching event with ID: 43
2023-06-12 11:22:56,682 [INFO] com.adminservice.serviceimpl.EventServiceImpl [http-nio-9001-exec-9] Event found with ID: 43
2023-06-12 11:22:56,867 [INFO] com.adminservice.serviceimpl.EventServiceImpl [http-nio-9001-exec-9] Event data and image updated successfully
2023-06-12 11:25:35,835 [TRACE] com.adminservice.controller.EventController [http-nio-9001-exec-3] Fetching all events
2023-06-12 11:25:35,837 [INFO] com.adminservice.serviceimpl.EventServiceImpl [http-nio-9001-exec-3] Fetching all events
2023-06-12 11:25:35,855 [INFO] com.adminservice.serviceimpl.EventServiceImpl [http-nio-9001-exec-3] Returning 3 events
2023-06-12 11:25:40,519 [TRACE] com.adminservice.controller.EventController [http-nio-9001-exec-6] Fetching event by eventId: 43
2023-06-12 11:25:40,519 [INFO] com.adminservice.serviceimpl.EventServiceImpl [http-nio-9001-exec-6] Fetching event with ID: 43
2023-06-12 11:25:40,526 [INFO] com.adminservice.serviceimpl.EventServiceImpl [http-nio-9001-exec-6] Event found with ID: 43
2023-06-12 11:37:50,051 [DEBUG] com.adminservice.controller.EventController [http-nio-9001-exec-4] Updating event with eventId: 43
2023-06-12 11:37:50,054 [INFO] com.adminservice.serviceimpl.EventServiceImpl [http-nio-9001-exec-4] Updating event with ID: 43
2023-06-12 11:37:50,055 [INFO] com.adminservice.serviceimpl.EventServiceImpl [http-nio-9001-exec-4] Fetching event with ID: 43
2023-06-12 11:37:50,065 [INFO] com.adminservice.serviceimpl.EventServiceImpl [http-nio-9001-exec-4] Event found with ID: 43
2023-06-12 11:37:50,081 [INFO] com.adminservice.serviceimpl.EventServiceImpl [http-nio-9001-exec-4] Event data and image updated successfully
2023-06-12 11:40:00,948 [TRACE] com.adminservice.controller.EventController [http-nio-9001-exec-8] Fetching all events
2023-06-12 11:40:00,949 [INFO] com.adminservice.serviceimpl.EventServiceImpl [http-nio-9001-exec-8] Fetching all events
2023-06-12 11:40:00,998 [INFO] com.adminservice.serviceimpl.EventServiceImpl [http-nio-9001-exec-8] Returning 3 events
2023-06-12 11:40:07,215 [TRACE] com.adminservice.controller.EventController [http-nio-9001-exec-9] Fetching event by eventId: 44
2023-06-12 11:40:07,216 [INFO] com.adminservice.serviceimpl.EventServiceImpl [http-nio-9001-exec-9] Fetching event with ID: 44
2023-06-12 11:40:07,227 [INFO] com.adminservice.serviceimpl.EventServiceImpl [http-nio-9001-exec-9] Event found with ID: 44
2023-06-12 11:40:22,367 [TRACE] com.adminservice.controller.EventController [http-nio-9001-exec-2] Fetching event by eventId: 44
2023-06-12 11:40:22,370 [INFO] com.adminservice.serviceimpl.EventServiceImpl [http-nio-9001-exec-2] Fetching event with ID: 44
2023-06-12 11:40:22,381 [INFO] com.adminservice.serviceimpl.EventServiceImpl [http-nio-9001-exec-2] Event found with ID: 44
2023-06-12 11:41:37,014 [TRACE] com.adminservice.controller.EventController [http-nio-9001-exec-10] Fetching all events
2023-06-12 11:41:37,015 [INFO] com.adminservice.serviceimpl.EventServiceImpl [http-nio-9001-exec-10] Fetching all events
2023-06-12 11:41:37,049 [INFO] com.adminservice.serviceimpl.EventServiceImpl [http-nio-9001-exec-10] Returning 3 events
