2023-06-10 23:38:45,404 [INFO] com.adminservice.CfAdminServiceApplication [restartedMain] Started CfAdminServiceApplication in 28.65 seconds (JVM running for 29.861)
2023-06-10 23:42:53,782 [INFO] com.adminservice.CfAdminServiceApplicationTests [main] Starting CfAdminServiceApplicationTests using Java 17.0.7 on inlen8520086507 with PID 7064 (started by biswprad in C:\Users\BISWPRAD\OneDrive - Capgemini\Desktop\CulturoFesto Project\backend workspace\cf-admin-service)
2023-06-10 23:42:53,790 [DEBUG] com.adminservice.CfAdminServiceApplicationTests [main] Running with Spring Boot v2.7.12, Spring v5.3.27
2023-06-10 23:42:53,791 [INFO] com.adminservice.CfAdminServiceApplicationTests [main] No active profile set, falling back to 1 default profile: "default"
2023-06-10 23:43:08,348 [INFO] com.adminservice.CfAdminServiceApplicationTests [main] Started CfAdminServiceApplicationTests in 15.66 seconds (JVM running for 19.888)
2023-06-10 23:43:09,067 [TRACE] com.adminservice.controller.EventController [main] Fetching event by eventId: 1
2023-06-10 23:43:09,075 [WARN] com.adminservice.controller.EventController [main] EventNotFoundException occurred: Could not find any event
2023-06-10 23:43:09,159 [TRACE] com.adminservice.controller.EventController [main] Fetching all events
2023-06-10 23:43:09,160 [WARN] com.adminservice.controller.EventController [main] NoEventsFoundException occurred: No events are there in the database
2023-06-10 23:43:09,396 [TRACE] com.adminservice.controller.EventController [main] Fetching event by eventId: 1
2023-06-10 23:43:09,397 [TRACE] com.adminservice.controller.EventController [main] Fetching event image by eventId: 1
2023-06-10 23:43:09,430 [TRACE] com.adminservice.controller.EventController [main] Fetching event by eventId: 1
2023-06-10 23:43:09,431 [ERROR] com.adminservice.controller.EventController [main] Exception occurred: An error occurred
2023-06-10 23:43:09,468 [TRACE] com.adminservice.controller.EventController [main] Fetching event by eventId: 1
2023-06-10 23:43:09,469 [WARN] com.adminservice.controller.EventController [main] EventNotFoundException occurred: An error occurred
2023-06-10 23:43:09,506 [TRACE] com.adminservice.controller.EventController [main] Fetching all events
2023-06-10 23:43:09,571 [TRACE] com.adminservice.controller.EventController [main] Fetching all events
2023-06-10 23:43:09,633 [TRACE] com.adminservice.controller.EventController [main] Fetching all events
2023-06-10 23:43:09,776 [INFO] com.adminservice.serviceimpl.EventServiceImpl [main] Adding event: Event Name
2023-06-10 23:43:09,790 [INFO] com.adminservice.serviceimpl.EventServiceImpl [main] Event data and image uploaded successfully
2023-06-10 23:44:48,582 [INFO] com.adminservice.CfAdminServiceApplication [restartedMain] Starting CfAdminServiceApplication using Java 17.0.7 on inlen8520086507 with PID 22484 (C:\Users\BISWPRAD\OneDrive - Capgemini\Desktop\CulturoFesto Project\backend workspace\cf-admin-service\target\classes started by biswprad in C:\Users\BISWPRAD\OneDrive - Capgemini\Desktop\CulturoFesto Project\backend workspace\cf-admin-service)
2023-06-10 23:44:48,588 [DEBUG] com.adminservice.CfAdminServiceApplication [restartedMain] Running with Spring Boot v2.7.12, Spring v5.3.27
2023-06-10 23:44:48,589 [INFO] com.adminservice.CfAdminServiceApplication [restartedMain] No active profile set, falling back to 1 default profile: "default"
2023-06-10 23:45:04,737 [INFO] com.adminservice.CfAdminServiceApplication [restartedMain] Started CfAdminServiceApplication in 17.643 seconds (JVM running for 19.51)
2023-06-10 23:57:15,642 [INFO] com.adminservice.CfAdminServiceApplicationTests [main] Starting CfAdminServiceApplicationTests using Java 17.0.7 on inlen8520086507 with PID 3140 (started by biswprad in C:\Users\BISWPRAD\OneDrive - Capgemini\Desktop\CulturoFesto Project\backend workspace\cf-admin-service)
2023-06-10 23:57:15,645 [DEBUG] com.adminservice.CfAdminServiceApplicationTests [main] Running with Spring Boot v2.7.12, Spring v5.3.27
2023-06-10 23:57:15,646 [INFO] com.adminservice.CfAdminServiceApplicationTests [main] No active profile set, falling back to 1 default profile: "default"
2023-06-10 23:57:23,290 [INFO] com.adminservice.CfAdminServiceApplicationTests [main] Started CfAdminServiceApplicationTests in 8.121 seconds (JVM running for 9.782)
2023-06-10 23:57:23,797 [TRACE] com.adminservice.controller.EventController [main] Fetching event by eventId: 1
2023-06-10 23:57:23,803 [WARN] com.adminservice.controller.EventController [main] EventNotFoundException occurred: Could not find any event
2023-06-10 23:57:23,900 [TRACE] com.adminservice.controller.EventController [main] Fetching all events
2023-06-10 23:57:23,901 [WARN] com.adminservice.controller.EventController [main] NoEventsFoundException occurred: No events are there in the database
2023-06-10 23:57:24,078 [TRACE] com.adminservice.controller.EventController [main] Fetching event by eventId: 1
2023-06-10 23:57:24,081 [TRACE] com.adminservice.controller.EventController [main] Fetching event image by eventId: 1
2023-06-10 23:57:24,112 [TRACE] com.adminservice.controller.EventController [main] Fetching event by eventId: 1
