2023-06-10 23:15:07,424 [INFO] com.adminservice.CfAdminServiceApplication [restartedMain] Started CfAdminServiceApplication in 3.669 seconds (JVM running for 850.82)
2023-06-10 23:20:41,819 [INFO] com.adminservice.CfAdminServiceApplication [restartedMain] Starting CfAdminServiceApplication using Java 17.0.7 on inlen8520086507 with PID 6940 (C:\Users\BISWPRAD\OneDrive - Capgemini\Desktop\CulturoFesto Project\backend workspace\cf-admin-service\target\classes started by biswprad in C:\Users\BISWPRAD\OneDrive - Capgemini\Desktop\CulturoFesto Project\backend workspace\cf-admin-service)
2023-06-10 23:20:41,819 [DEBUG] com.adminservice.CfAdminServiceApplication [restartedMain] Running with Spring Boot v2.7.12, Spring v5.3.27
2023-06-10 23:20:41,820 [INFO] com.adminservice.CfAdminServiceApplication [restartedMain] No active profile set, falling back to 1 default profile: "default"
2023-06-10 23:20:42,990 [INFO] com.adminservice.CfAdminServiceApplication [restartedMain] Started CfAdminServiceApplication in 1.281 seconds (JVM running for 1186.387)
2023-06-10 23:22:58,688 [INFO] com.adminservice.CfAdminServiceApplication [restartedMain] Starting CfAdminServiceApplication using Java 17.0.7 on inlen8520086507 with PID 6940 (C:\Users\BISWPRAD\OneDrive - Capgemini\Desktop\CulturoFesto Project\backend workspace\cf-admin-service\target\classes started by biswprad in C:\Users\BISWPRAD\OneDrive - Capgemini\Desktop\CulturoFesto Project\backend workspace\cf-admin-service)
2023-06-10 23:22:58,688 [DEBUG] com.adminservice.CfAdminServiceApplication [restartedMain] Running with Spring Boot v2.7.12, Spring v5.3.27
2023-06-10 23:22:58,688 [INFO] com.adminservice.CfAdminServiceApplication [restartedMain] No active profile set, falling back to 1 default profile: "default"
2023-06-10 23:22:59,893 [INFO] com.adminservice.CfAdminServiceApplication [restartedMain] Started CfAdminServiceApplication in 1.326 seconds (JVM running for 1323.29)
2023-06-10 23:23:30,839 [INFO] com.adminservice.CfAdminServiceApplication [restartedMain] Starting CfAdminServiceApplication using Java 17.0.7 on inlen8520086507 with PID 6940 (C:\Users\BISWPRAD\OneDrive - Capgemini\Desktop\CulturoFesto Project\backend workspace\cf-admin-service\target\classes started by biswprad in C:\Users\BISWPRAD\OneDrive - Capgemini\Desktop\CulturoFesto Project\backend workspace\cf-admin-service)
2023-06-10 23:23:30,840 [DEBUG] com.adminservice.CfAdminServiceApplication [restartedMain] Running with Spring Boot v2.7.12, Spring v5.3.27
2023-06-10 23:23:30,840 [INFO] com.adminservice.CfAdminServiceApplication [restartedMain] No active profile set, falling back to 1 default profile: "default"
2023-06-10 23:23:32,048 [INFO] com.adminservice.CfAdminServiceApplication [restartedMain] Started CfAdminServiceApplication in 1.374 seconds (JVM running for 1355.444)
2023-06-10 23:24:55,795 [INFO] com.adminservice.CfAdminServiceApplication [restartedMain] Starting CfAdminServiceApplication using Java 17.0.7 on inlen8520086507 with PID 6940 (C:\Users\BISWPRAD\OneDrive - Capgemini\Desktop\CulturoFesto Project\backend workspace\cf-admin-service\target\classes started by biswprad in C:\Users\BISWPRAD\OneDrive - Capgemini\Desktop\CulturoFesto Project\backend workspace\cf-admin-service)
2023-06-10 23:24:55,796 [DEBUG] com.adminservice.CfAdminServiceApplication [restartedMain] Running with Spring Boot v2.7.12, Spring v5.3.27
2023-06-10 23:24:55,797 [INFO] com.adminservice.CfAdminServiceApplication [restartedMain] No active profile set, falling back to 1 default profile: "default"
2023-06-10 23:24:59,222 [INFO] com.adminservice.CfAdminServiceApplication [restartedMain] Started CfAdminServiceApplication in 3.905 seconds (JVM running for 1442.618)
2023-06-10 23:25:02,995 [INFO] com.adminservice.CfAdminServiceApplication [restartedMain] Starting CfAdminServiceApplication using Java 17.0.7 on inlen8520086507 with PID 6940 (C:\Users\BISWPRAD\OneDrive - Capgemini\Desktop\CulturoFesto Project\backend workspace\cf-admin-service\target\classes started by biswprad in C:\Users\BISWPRAD\OneDrive - Capgemini\Desktop\CulturoFesto Project\backend workspace\cf-admin-service)
2023-06-10 23:25:02,995 [DEBUG] com.adminservice.CfAdminServiceApplication [restartedMain] Running with Spring Boot v2.7.12, Spring v5.3.27
2023-06-10 23:25:02,996 [INFO] com.adminservice.CfAdminServiceApplication [restartedMain] No active profile set, falling back to 1 default profile: "default"
2023-06-10 23:25:05,380 [INFO] com.adminservice.CfAdminServiceApplication [restartedMain] Started CfAdminServiceApplication in 2.672 seconds (JVM running for 1448.777)
2023-06-10 23:32:06,912 [INFO] com.adminservice.CfAdminServiceApplicationTests [main] Starting CfAdminServiceApplicationTests using Java 17.0.7 on inlen8520086507 with PID 2180 (started by biswprad in C:\Users\BISWPRAD\OneDrive - Capgemini\Desktop\CulturoFesto Project\backend workspace\cf-admin-service)
2023-06-10 23:32:06,920 [DEBUG] com.adminservice.CfAdminServiceApplicationTests [main] Running with Spring Boot v2.7.12, Spring v5.3.27
2023-06-10 23:32:06,922 [INFO] com.adminservice.CfAdminServiceApplicationTests [main] No active profile set, falling back to 1 default profile: "default"
