2023-06-13 14:49:40,278 [INFO] com.bookingservice.CfBookingServiceApplication [restartedMain] Starting CfBookingServiceApplication using Java 17.0.7 on inlen8520086507 with PID 9004 (C:\Users\BISWPRAD\OneDrive - Capgemini\Desktop\CulturoFesto Project\backend workspace\cf-booking-service\target\classes started by biswprad in C:\Users\BISWPRAD\OneDrive - Capgemini\Desktop\CulturoFesto Project\backend workspace\cf-booking-service)
2023-06-13 14:49:40,280 [INFO] com.bookingservice.CfBookingServiceApplication [restartedMain] No active profile set, falling back to 1 default profile: "default"
2023-06-13 14:49:40,371 [INFO] org.springframework.boot.devtools.env.DevToolsPropertyDefaultsPostProcessor [restartedMain] Devtools property defaults active! Set 'spring.devtools.add-properties' to 'false' to disable
2023-06-13 14:49:40,372 [INFO] org.springframework.boot.devtools.env.DevToolsPropertyDefaultsPostProcessor [restartedMain] For additional web related logging consider setting the 'logging.level.web' property to 'DEBUG'
2023-06-13 14:49:41,258 [INFO] org.springframework.data.repository.config.RepositoryConfigurationDelegate [restartedMain] Bootstrapping Spring Data JPA repositories in DEFAULT mode.
2023-06-13 14:49:41,451 [INFO] org.springframework.data.repository.config.RepositoryConfigurationDelegate [restartedMain] Finished Spring Data repository scanning in 177 ms. Found 1 JPA repository interfaces.
2023-06-13 14:49:41,820 [INFO] org.springframework.cloud.context.scope.GenericScope [restartedMain] BeanFactory id=a19fadad-9c5a-3907-a64d-588c3749fab7
2023-06-13 14:49:42,810 [INFO] org.springframework.boot.web.embedded.tomcat.TomcatWebServer [restartedMain] Tomcat initialized with port(s): 9002 (http)
2023-06-13 14:49:42,825 [INFO] org.apache.catalina.core.StandardService [restartedMain] Starting service [Tomcat]
2023-06-13 14:49:42,826 [INFO] org.apache.catalina.core.StandardEngine [restartedMain] Starting Servlet engine: [Apache Tomcat/9.0.75]
2023-06-13 14:49:42,972 [INFO] org.apache.catalina.core.ContainerBase.[Tomcat].[localhost].[/] [restartedMain] Initializing Spring embedded WebApplicationContext
2023-06-13 14:49:42,972 [INFO] org.springframework.boot.web.servlet.context.ServletWebServerApplicationContext [restartedMain] Root WebApplicationContext: initialization completed in 2599 ms
2023-06-13 14:49:43,211 [INFO] org.hibernate.jpa.internal.util.LogHelper [restartedMain] HHH000204: Processing PersistenceUnitInfo [name: default]
2023-06-13 14:49:43,287 [INFO] org.hibernate.Version [restartedMain] HHH000412: Hibernate ORM core version 5.6.15.Final
2023-06-13 14:49:43,516 [INFO] org.hibernate.annotations.common.Version [restartedMain] HCANN000001: Hibernate Commons Annotations {5.1.2.Final}
2023-06-13 14:49:43,654 [INFO] com.zaxxer.hikari.HikariDataSource [restartedMain] HikariPool-1 - Starting...
2023-06-13 14:49:43,879 [INFO] com.zaxxer.hikari.HikariDataSource [restartedMain] HikariPool-1 - Start completed.
2023-06-13 14:49:43,898 [INFO] org.hibernate.dialect.Dialect [restartedMain] HHH000400: Using dialect: org.hibernate.dialect.PostgreSQLDialect
2023-06-13 14:49:44,738 [INFO] org.hibernate.engine.transaction.jta.platform.internal.JtaPlatformInitiator [restartedMain] HHH000490: Using JtaPlatform implementation: [org.hibernate.engine.transaction.jta.platform.internal.NoJtaPlatform]
2023-06-13 14:49:44,751 [INFO] org.springframework.orm.jpa.LocalContainerEntityManagerFactoryBean [restartedMain] Initialized JPA EntityManagerFactory for persistence unit 'default'
2023-06-13 14:49:45,173 [WARN] org.springframework.boot.autoconfigure.orm.jpa.JpaBaseConfiguration$JpaWebConfiguration [restartedMain] spring.jpa.open-in-view is enabled by default. Therefore, database queries may be performed during view rendering. Explicitly configure spring.jpa.open-in-view to disable this warning
2023-06-13 14:49:45,679 [WARN] org.springframework.boot.devtools.autoconfigure.OptionalLiveReloadServer [restartedMain] Unable to start LiveReload server
2023-06-13 14:49:45,894 [INFO] org.springframework.cloud.netflix.eureka.config.DiscoveryClientOptionalArgsConfiguration [restartedMain] Eureka HTTP Client uses RestTemplate.
2023-06-13 14:49:46,186 [WARN] org.springframework.cloud.loadbalancer.config.LoadBalancerCacheAutoConfiguration$LoadBalancerCaffeineWarnLogger [restartedMain] Spring Cloud LoadBalancer is currently working with the default cache. While this cache implementation is useful for development and tests, it's recommended to use Caffeine cache in production.You can switch to using Caffeine cache, by adding it and org.springframework.cache.caffeine.CaffeineCacheManager to the classpath.
2023-06-13 14:49:46,217 [INFO] org.springframework.cloud.netflix.eureka.InstanceInfoFactory [restartedMain] Setting initial instance status as: STARTING
2023-06-13 14:49:46,357 [INFO] com.netflix.discovery.DiscoveryClient [restartedMain] Initializing Eureka in region us-east-1
2023-06-13 14:49:46,365 [INFO] com.netflix.discovery.shared.resolver.aws.ConfigClusterResolver [restartedMain] Resolving eureka endpoints via configuration
2023-06-13 14:49:46,410 [INFO] com.netflix.discovery.DiscoveryClient [restartedMain] Disable delta property : false
2023-06-13 14:49:46,411 [INFO] com.netflix.discovery.DiscoveryClient [restartedMain] Single vip registry refresh property : null
2023-06-13 14:49:46,411 [INFO] com.netflix.discovery.DiscoveryClient [restartedMain] Force full registry fetch : false
2023-06-13 14:49:46,411 [INFO] com.netflix.discovery.DiscoveryClient [restartedMain] Application is null : false
2023-06-13 14:49:46,411 [INFO] com.netflix.discovery.DiscoveryClient [restartedMain] Registered Applications size is zero : true
2023-06-13 14:49:46,412 [INFO] com.netflix.discovery.DiscoveryClient [restartedMain] Application version is -1: true
2023-06-13 14:49:46,412 [INFO] com.netflix.discovery.DiscoveryClient [restartedMain] Getting all instance registry info from the eureka server
2023-06-13 14:49:46,783 [INFO] com.netflix.discovery.DiscoveryClient [restartedMain] The response status is 200
2023-06-13 14:49:46,786 [INFO] com.netflix.discovery.DiscoveryClient [restartedMain] Starting heartbeat executor: renew interval is: 30
2023-06-13 14:49:46,791 [INFO] com.netflix.discovery.InstanceInfoReplicator [restartedMain] InstanceInfoReplicator onDemand update allowed rate per min is 4
2023-06-13 14:49:46,797 [INFO] com.netflix.discovery.DiscoveryClient [restartedMain] Discovery Client initialized at timestamp 1686647986796 with initial instances count: 2
2023-06-13 14:49:46,800 [INFO] org.springframework.cloud.netflix.eureka.serviceregistry.EurekaServiceRegistry [restartedMain] Registering application BOOKING-SERVICE with eureka with status UP
2023-06-13 14:49:46,801 [INFO] com.netflix.discovery.DiscoveryClient [restartedMain] Saw local status change event StatusChangeEvent [timestamp=1686647986801, current=UP, previous=STARTING]
2023-06-13 14:49:46,803 [INFO] com.netflix.discovery.DiscoveryClient [DiscoveryClient-InstanceInfoReplicator-0] DiscoveryClient_BOOKING-SERVICE/inlen8520086507.corp.capgemini.com:booking-service:9002: registering service...
2023-06-13 14:49:46,850 [INFO] org.springframework.boot.web.embedded.tomcat.TomcatWebServer [restartedMain] Tomcat started on port(s): 9002 (http) with context path ''
2023-06-13 14:49:46,851 [INFO] org.springframework.cloud.netflix.eureka.serviceregistry.EurekaAutoServiceRegistration [restartedMain] Updating port to 9002
2023-06-13 14:49:46,868 [INFO] com.netflix.discovery.DiscoveryClient [DiscoveryClient-InstanceInfoReplicator-0] DiscoveryClient_BOOKING-SERVICE/inlen8520086507.corp.capgemini.com:booking-service:9002 - registration status: 204
2023-06-13 14:49:46,996 [INFO] com.bookingservice.CfBookingServiceApplication [restartedMain] Started CfBookingServiceApplication in 7.408 seconds (JVM running for 8.132)
2023-06-13 14:54:46,419 [INFO] com.netflix.discovery.shared.resolver.aws.ConfigClusterResolver [AsyncResolver-bootstrap-executor-0] Resolving eureka endpoints via configuration
