2023-06-09 20:07:50.617  INFO 10644 --- [restartedMain] c.a.CfAdminServiceApplication            : Starting CfAdminServiceApplication using Java 17.0.7 on inlen8520086507 with PID 10644 (C:\Users\BISWPRAD\OneDrive - Capgemini\Desktop\CulturoFesto Project\backend workspace\cf-admin-service\target\classes started by biswprad in C:\Users\BISWPRAD\OneDrive - Capgemini\Desktop\CulturoFesto Project\backend workspace\cf-admin-service)
2023-06-09 20:07:50.620  INFO 10644 --- [restartedMain] c.a.CfAdminServiceApplication            : No active profile set, falling back to 1 default profile: "default"
2023-06-09 20:07:51.052  INFO 10644 --- [restartedMain] .s.d.r.c.RepositoryConfigurationDelegate : Bootstrapping Spring Data JPA repositories in DEFAULT mode.
2023-06-09 20:07:51.080  INFO 10644 --- [restartedMain] .s.d.r.c.RepositoryConfigurationDelegate : Finished Spring Data repository scanning in 27 ms. Found 1 JPA repository interfaces.
2023-06-09 20:07:51.248  INFO 10644 --- [restartedMain] o.s.cloud.context.scope.GenericScope     : BeanFactory id=ec39934e-fa44-3365-b800-5856bd624667
2023-06-09 20:07:51.367  INFO 10644 --- [restartedMain] o.s.b.w.embedded.tomcat.TomcatWebServer  : Tomcat initialized with port(s): 9001 (http)
2023-06-09 20:07:51.370  INFO 10644 --- [restartedMain] o.apache.catalina.core.StandardService   : Starting service [Tomcat]
2023-06-09 20:07:51.370  INFO 10644 --- [restartedMain] org.apache.catalina.core.StandardEngine  : Starting Servlet engine: [Apache Tomcat/9.0.75]
2023-06-09 20:07:51.437  INFO 10644 --- [restartedMain] o.a.c.c.C.[Tomcat].[localhost].[/]       : Initializing Spring embedded WebApplicationContext
2023-06-09 20:07:51.439  INFO 10644 --- [restartedMain] w.s.c.ServletWebServerApplicationContext : Root WebApplicationContext: initialization completed in 815 ms
2023-06-09 20:07:51.507  INFO 10644 --- [restartedMain] o.hibernate.jpa.internal.util.LogHelper  : HHH000204: Processing PersistenceUnitInfo [name: default]
2023-06-09 20:07:51.521  INFO 10644 --- [restartedMain] com.zaxxer.hikari.HikariDataSource       : HikariPool-2 - Starting...
2023-06-09 20:07:51.652  INFO 10644 --- [restartedMain] com.zaxxer.hikari.HikariDataSource       : HikariPool-2 - Start completed.
2023-06-09 20:07:51.653  INFO 10644 --- [restartedMain] org.hibernate.dialect.Dialect            : HHH000400: Using dialect: org.hibernate.dialect.PostgreSQLDialect
2023-06-09 20:07:51.756  INFO 10644 --- [restartedMain] o.h.e.t.j.p.i.JtaPlatformInitiator       : HHH000490: Using JtaPlatform implementation: [org.hibernate.engine.transaction.jta.platform.internal.NoJtaPlatform]
2023-06-09 20:07:51.757  INFO 10644 --- [restartedMain] j.LocalContainerEntityManagerFactoryBean : Initialized JPA EntityManagerFactory for persistence unit 'default'
2023-06-09 20:07:51.893  WARN 10644 --- [restartedMain] JpaBaseConfiguration$JpaWebConfiguration : spring.jpa.open-in-view is enabled by default. Therefore, database queries may be performed during view rendering. Explicitly configure spring.jpa.open-in-view to disable this warning
2023-06-09 20:07:52.064  WARN 10644 --- [restartedMain] o.s.b.d.a.OptionalLiveReloadServer       : Unable to start LiveReload server
2023-06-09 20:07:52.460  INFO 10644 --- [restartedMain] DiscoveryClientOptionalArgsConfiguration : Eureka HTTP Client uses RestTemplate.
2023-06-09 20:07:52.796  WARN 10644 --- [restartedMain] iguration$LoadBalancerCaffeineWarnLogger : Spring Cloud LoadBalancer is currently working with the default cache. While this cache implementation is useful for development and tests, it's recommended to use Caffeine cache in production.You can switch to using Caffeine cache, by adding it and org.springframework.cache.caffeine.CaffeineCacheManager to the classpath.
2023-06-09 20:07:52.815  INFO 10644 --- [restartedMain] o.s.c.n.eureka.InstanceInfoFactory       : Setting initial instance status as: STARTING
2023-06-09 20:07:52.819  INFO 10644 --- [restartedMain] com.netflix.discovery.DiscoveryClient    : Initializing Eureka in region us-east-1
2023-06-09 20:07:52.820  INFO 10644 --- [restartedMain] c.n.d.s.r.aws.ConfigClusterResolver      : Resolving eureka endpoints via configuration
2023-06-09 20:07:52.855  INFO 10644 --- [restartedMain] com.netflix.discovery.DiscoveryClient    : Disable delta property : false
2023-06-09 20:07:52.856  INFO 10644 --- [restartedMain] com.netflix.discovery.DiscoveryClient    : Single vip registry refresh property : null
2023-06-09 20:07:52.857  INFO 10644 --- [restartedMain] com.netflix.discovery.DiscoveryClient    : Force full registry fetch : false
2023-06-09 20:07:52.857  INFO 10644 --- [restartedMain] com.netflix.discovery.DiscoveryClient    : Application is null : false
2023-06-09 20:07:52.857  INFO 10644 --- [restartedMain] com.netflix.discovery.DiscoveryClient    : Registered Applications size is zero : true
2023-06-09 20:07:52.857  INFO 10644 --- [restartedMain] com.netflix.discovery.DiscoveryClient    : Application version is -1: true
2023-06-09 20:07:52.858  INFO 10644 --- [restartedMain] com.netflix.discovery.DiscoveryClient    : Getting all instance registry info from the eureka server
2023-06-09 20:07:52.906  INFO 10644 --- [restartedMain] com.netflix.discovery.DiscoveryClient    : The response status is 200
2023-06-09 20:07:52.908  INFO 10644 --- [restartedMain] com.netflix.discovery.DiscoveryClient    : Starting heartbeat executor: renew interval is: 30
2023-06-09 20:07:52.910  INFO 10644 --- [restartedMain] c.n.discovery.InstanceInfoReplicator     : InstanceInfoReplicator onDemand update allowed rate per min is 4
2023-06-09 20:07:52.914  INFO 10644 --- [restartedMain] com.netflix.discovery.DiscoveryClient    : Discovery Client initialized at timestamp 1686321472914 with initial instances count: 0
2023-06-09 20:07:52.917  INFO 10644 --- [restartedMain] o.s.c.n.e.s.EurekaServiceRegistry        : Registering application ADMIN-SERVICE with eureka with status UP
2023-06-09 20:07:52.918  INFO 10644 --- [restartedMain] com.netflix.discovery.DiscoveryClient    : Saw local status change event StatusChangeEvent [timestamp=1686321472918, current=UP, previous=STARTING]
2023-06-09 20:07:52.940  INFO 10644 --- [restartedMain] o.s.b.w.embedded.tomcat.TomcatWebServer  : Tomcat started on port(s): 9001 (http) with context path ''
2023-06-09 20:07:52.942  INFO 10644 --- [restartedMain] .s.c.n.e.s.EurekaAutoServiceRegistration : Updating port to 9001
2023-06-09 20:07:52.956  INFO 10644 --- [DiscoveryClient-InstanceInfoReplicator-0] com.netflix.discovery.DiscoveryClient    : DiscoveryClient_ADMIN-SERVICE/inlen8520086507.corp.capgemini.com:admin-service:9001: registering service...
2023-06-09 20:07:53.008  INFO 10644 --- [DiscoveryClient-InstanceInfoReplicator-0] com.netflix.discovery.DiscoveryClient    : DiscoveryClient_ADMIN-SERVICE/inlen8520086507.corp.capgemini.com:admin-service:9001 - registration status: 204
2023-06-09 20:07:53.220  INFO 10644 --- [restartedMain] c.a.CfAdminServiceApplication            : Started CfAdminServiceApplication in 2.814 seconds (JVM running for 30.049)
2023-06-09 20:07:53.223  INFO 10644 --- [restartedMain] .ConditionEvaluationDeltaLoggingListener : Condition evaluation unchanged
2023-06-09 20:08:11.850  INFO 10644 --- [http-nio-9001-exec-2] o.a.c.c.C.[Tomcat].[localhost].[/]       : Initializing Spring DispatcherServlet 'dispatcherServlet'
2023-06-09 20:08:11.851  INFO 10644 --- [http-nio-9001-exec-2] o.s.web.servlet.DispatcherServlet        : Initializing Servlet 'dispatcherServlet'
2023-06-09 20:08:11.852  INFO 10644 --- [http-nio-9001-exec-2] o.s.web.servlet.DispatcherServlet        : Completed initialization in 1 ms
2023-06-09 20:08:12.021  INFO 10644 --- [http-nio-9001-exec-2] c.a.controller.EventController           : Found event with ID: 2
2023-06-09 20:08:22.914  INFO 10644 --- [DiscoveryClient-CacheRefreshExecutor-0] com.netflix.discovery.DiscoveryClient    : Disable delta property : false
2023-06-09 20:08:22.915  INFO 10644 --- [DiscoveryClient-CacheRefreshExecutor-0] com.netflix.discovery.DiscoveryClient    : Single vip registry refresh property : null
2023-06-09 20:08:22.915  INFO 10644 --- [DiscoveryClient-CacheRefreshExecutor-0] com.netflix.discovery.DiscoveryClient    : Force full registry fetch : false
2023-06-09 20:08:22.916  INFO 10644 --- [DiscoveryClient-CacheRefreshExecutor-0] com.netflix.discovery.DiscoveryClient    : Application is null : false
2023-06-09 20:08:22.916  INFO 10644 --- [DiscoveryClient-CacheRefreshExecutor-0] com.netflix.discovery.DiscoveryClient    : Registered Applications size is zero : true
2023-06-09 20:08:22.916  INFO 10644 --- [DiscoveryClient-CacheRefreshExecutor-0] com.netflix.discovery.DiscoveryClient    : Application version is -1: false
2023-06-09 20:08:22.916  INFO 10644 --- [DiscoveryClient-CacheRefreshExecutor-0] com.netflix.discovery.DiscoveryClient    : Getting all instance registry info from the eureka server
2023-06-09 20:08:22.928  INFO 10644 --- [DiscoveryClient-CacheRefreshExecutor-0] com.netflix.discovery.DiscoveryClient    : The response status is 200
2023-06-09 20:10:05.922  INFO 10644 --- [File Watcher] rtingClassPathChangeChangedEventListener : Restarting due to 1 class path change (0 additions, 0 deletions, 1 modification)
2023-06-09 20:10:05.925  INFO 10644 --- [Thread-7] o.s.c.n.e.s.EurekaServiceRegistry        : Unregistering application ADMIN-SERVICE with eureka with status DOWN
2023-06-09 20:10:05.926  INFO 10644 --- [Thread-7] com.netflix.discovery.DiscoveryClient    : Saw local status change event StatusChangeEvent [timestamp=1686321605926, current=DOWN, previous=UP]
2023-06-09 20:10:05.927  INFO 10644 --- [DiscoveryClient-InstanceInfoReplicator-0] com.netflix.discovery.DiscoveryClient    : DiscoveryClient_ADMIN-SERVICE/inlen8520086507.corp.capgemini.com:admin-service:9001: registering service...
2023-06-09 20:10:05.937  INFO 10644 --- [DiscoveryClient-InstanceInfoReplicator-0] com.netflix.discovery.DiscoveryClient    : DiscoveryClient_ADMIN-SERVICE/inlen8520086507.corp.capgemini.com:admin-service:9001 - registration status: 204
2023-06-09 20:10:05.941  INFO 10644 --- [Thread-7] o.apache.catalina.core.StandardService   : Stopping service [Tomcat]
2023-06-09 20:10:05.942  INFO 10644 --- [Thread-7] o.a.c.c.C.[Tomcat].[localhost].[/]       : Destroying Spring FrameworkServlet 'dispatcherServlet'
2023-06-09 20:10:05.949  INFO 10644 --- [Thread-7] j.LocalContainerEntityManagerFactoryBean : Closing JPA EntityManagerFactory for persistence unit 'default'
2023-06-09 20:10:05.951  INFO 10644 --- [Thread-7] com.zaxxer.hikari.HikariDataSource       : HikariPool-2 - Shutdown initiated...
2023-06-09 20:10:05.954  INFO 10644 --- [Thread-7] com.zaxxer.hikari.HikariDataSource       : HikariPool-2 - Shutdown completed.
2023-06-09 20:10:05.955  INFO 10644 --- [Thread-7] com.netflix.discovery.DiscoveryClient    : Shutting down DiscoveryClient ...
2023-06-09 20:10:08.972  INFO 10644 --- [Thread-7] com.netflix.discovery.DiscoveryClient    : Unregistering ...
2023-06-09 20:10:08.982  INFO 10644 --- [Thread-7] com.netflix.discovery.DiscoveryClient    : DiscoveryClient_ADMIN-SERVICE/inlen8520086507.corp.capgemini.com:admin-service:9001 - deregister  status: 200
2023-06-09 20:10:08.991  INFO 10644 --- [Thread-7] com.netflix.discovery.DiscoveryClient    : Completed shut down of DiscoveryClient
2023-06-09 20:10:09.224  INFO 10644 --- [restartedMain] c.a.CfAdminServiceApplication            : Starting CfAdminServiceApplication using Java 17.0.7 on inlen8520086507 with PID 10644 (C:\Users\BISWPRAD\OneDrive - Capgemini\Desktop\CulturoFesto Project\backend workspace\cf-admin-service\target\classes started by biswprad in C:\Users\BISWPRAD\OneDrive - Capgemini\Desktop\CulturoFesto Project\backend workspace\cf-admin-service)
2023-06-09 20:10:09.225  INFO 10644 --- [restartedMain] c.a.CfAdminServiceApplication            : No active profile set, falling back to 1 default profile: "default"
2023-06-09 20:10:09.462  INFO 10644 --- [restartedMain] .s.d.r.c.RepositoryConfigurationDelegate : Bootstrapping Spring Data JPA repositories in DEFAULT mode.
2023-06-09 20:10:09.475  INFO 10644 --- [restartedMain] .s.d.r.c.RepositoryConfigurationDelegate : Finished Spring Data repository scanning in 12 ms. Found 1 JPA repository interfaces.
2023-06-09 20:10:09.537  INFO 10644 --- [restartedMain] o.s.cloud.context.scope.GenericScope     : BeanFactory id=ec39934e-fa44-3365-b800-5856bd624667
2023-06-09 20:10:09.602  INFO 10644 --- [restartedMain] o.s.b.w.embedded.tomcat.TomcatWebServer  : Tomcat initialized with port(s): 9001 (http)
2023-06-09 20:10:09.603  INFO 10644 --- [restartedMain] o.apache.catalina.core.StandardService   : Starting service [Tomcat]
2023-06-09 20:10:09.603  INFO 10644 --- [restartedMain] org.apache.catalina.core.StandardEngine  : Starting Servlet engine: [Apache Tomcat/9.0.75]
2023-06-09 20:10:09.640  INFO 10644 --- [restartedMain] o.a.c.c.C.[Tomcat].[localhost].[/]       : Initializing Spring embedded WebApplicationContext
2023-06-09 20:10:09.640  INFO 10644 --- [restartedMain] w.s.c.ServletWebServerApplicationContext : Root WebApplicationContext: initialization completed in 413 ms
2023-06-09 20:10:09.672  INFO 10644 --- [restartedMain] o.hibernate.jpa.internal.util.LogHelper  : HHH000204: Processing PersistenceUnitInfo [name: default]
2023-06-09 20:10:09.678  INFO 10644 --- [restartedMain] com.zaxxer.hikari.HikariDataSource       : HikariPool-3 - Starting...
2023-06-09 20:10:09.754  INFO 10644 --- [restartedMain] com.zaxxer.hikari.HikariDataSource       : HikariPool-3 - Start completed.
2023-06-09 20:10:09.754  INFO 10644 --- [restartedMain] org.hibernate.dialect.Dialect            : HHH000400: Using dialect: org.hibernate.dialect.PostgreSQLDialect
2023-06-09 20:10:09.811  INFO 10644 --- [restartedMain] o.h.e.t.j.p.i.JtaPlatformInitiator       : HHH000490: Using JtaPlatform implementation: [org.hibernate.engine.transaction.jta.platform.internal.NoJtaPlatform]
2023-06-09 20:10:09.812  INFO 10644 --- [restartedMain] j.LocalContainerEntityManagerFactoryBean : Initialized JPA EntityManagerFactory for persistence unit 'default'
2023-06-09 20:10:09.886  WARN 10644 --- [restartedMain] JpaBaseConfiguration$JpaWebConfiguration : spring.jpa.open-in-view is enabled by default. Therefore, database queries may be performed during view rendering. Explicitly configure spring.jpa.open-in-view to disable this warning
2023-06-09 20:10:09.991  WARN 10644 --- [restartedMain] o.s.b.d.a.OptionalLiveReloadServer       : Unable to start LiveReload server
2023-06-09 20:10:10.166  INFO 10644 --- [restartedMain] DiscoveryClientOptionalArgsConfiguration : Eureka HTTP Client uses RestTemplate.
2023-06-09 20:10:10.452  WARN 10644 --- [restartedMain] iguration$LoadBalancerCaffeineWarnLogger : Spring Cloud LoadBalancer is currently working with the default cache. While this cache implementation is useful for development and tests, it's recommended to use Caffeine cache in production.You can switch to using Caffeine cache, by adding it and org.springframework.cache.caffeine.CaffeineCacheManager to the classpath.
2023-06-09 20:10:10.467  INFO 10644 --- [restartedMain] o.s.c.n.eureka.InstanceInfoFactory       : Setting initial instance status as: STARTING
2023-06-09 20:10:10.471  INFO 10644 --- [restartedMain] com.netflix.discovery.DiscoveryClient    : Initializing Eureka in region us-east-1
2023-06-09 20:10:10.472  INFO 10644 --- [restartedMain] c.n.d.s.r.aws.ConfigClusterResolver      : Resolving eureka endpoints via configuration
2023-06-09 20:10:10.475  INFO 10644 --- [restartedMain] com.netflix.discovery.DiscoveryClient    : Disable delta property : false
2023-06-09 20:10:10.476  INFO 10644 --- [restartedMain] com.netflix.discovery.DiscoveryClient    : Single vip registry refresh property : null
2023-06-09 20:10:10.476  INFO 10644 --- [restartedMain] com.netflix.discovery.DiscoveryClient    : Force full registry fetch : false
2023-06-09 20:10:10.476  INFO 10644 --- [restartedMain] com.netflix.discovery.DiscoveryClient    : Application is null : false
2023-06-09 20:10:10.476  INFO 10644 --- [restartedMain] com.netflix.discovery.DiscoveryClient    : Registered Applications size is zero : true
2023-06-09 20:10:10.476  INFO 10644 --- [restartedMain] com.netflix.discovery.DiscoveryClient    : Application version is -1: true
2023-06-09 20:10:10.476  INFO 10644 --- [restartedMain] com.netflix.discovery.DiscoveryClient    : Getting all instance registry info from the eureka server
2023-06-09 20:10:10.508  INFO 10644 --- [restartedMain] com.netflix.discovery.DiscoveryClient    : The response status is 200
2023-06-09 20:10:10.510  INFO 10644 --- [restartedMain] com.netflix.discovery.DiscoveryClient    : Starting heartbeat executor: renew interval is: 30
2023-06-09 20:10:10.512  INFO 10644 --- [restartedMain] c.n.discovery.InstanceInfoReplicator     : InstanceInfoReplicator onDemand update allowed rate per min is 4
2023-06-09 20:10:10.515  INFO 10644 --- [restartedMain] com.netflix.discovery.DiscoveryClient    : Discovery Client initialized at timestamp 1686321610515 with initial instances count: 1
2023-06-09 20:10:10.518  INFO 10644 --- [restartedMain] o.s.c.n.e.s.EurekaServiceRegistry        : Registering application ADMIN-SERVICE with eureka with status UP
2023-06-09 20:10:10.519  INFO 10644 --- [restartedMain] com.netflix.discovery.DiscoveryClient    : Saw local status change event StatusChangeEvent [timestamp=1686321610519, current=UP, previous=STARTING]
2023-06-09 20:10:10.519  INFO 10644 --- [DiscoveryClient-InstanceInfoReplicator-0] com.netflix.discovery.DiscoveryClient    : DiscoveryClient_ADMIN-SERVICE/inlen8520086507.corp.capgemini.com:admin-service:9001: registering service...
2023-06-09 20:10:10.538  INFO 10644 --- [restartedMain] o.s.b.w.embedded.tomcat.TomcatWebServer  : Tomcat started on port(s): 9001 (http) with context path ''
2023-06-09 20:10:10.539  INFO 10644 --- [restartedMain] .s.c.n.e.s.EurekaAutoServiceRegistration : Updating port to 9001
2023-06-09 20:10:10.546  INFO 10644 --- [DiscoveryClient-InstanceInfoReplicator-0] com.netflix.discovery.DiscoveryClient    : DiscoveryClient_ADMIN-SERVICE/inlen8520086507.corp.capgemini.com:admin-service:9001 - registration status: 204
2023-06-09 20:10:10.705  INFO 10644 --- [restartedMain] c.a.CfAdminServiceApplication            : Started CfAdminServiceApplication in 1.629 seconds (JVM running for 167.535)
2023-06-09 20:10:10.707  INFO 10644 --- [restartedMain] .ConditionEvaluationDeltaLoggingListener : Condition evaluation unchanged
2023-06-09 20:12:44.212  INFO 10644 --- [File Watcher] rtingClassPathChangeChangedEventListener : Restarting due to 1 class path change (1 addition, 0 deletions, 0 modifications)
2023-06-09 20:12:44.214  INFO 10644 --- [Thread-13] o.s.c.n.e.s.EurekaServiceRegistry        : Unregistering application ADMIN-SERVICE with eureka with status DOWN
2023-06-09 20:12:44.214  INFO 10644 --- [Thread-13] com.netflix.discovery.DiscoveryClient    : Saw local status change event StatusChangeEvent [timestamp=1686321764214, current=DOWN, previous=UP]
2023-06-09 20:12:44.214  INFO 10644 --- [DiscoveryClient-InstanceInfoReplicator-0] com.netflix.discovery.DiscoveryClient    : DiscoveryClient_ADMIN-SERVICE/inlen8520086507.corp.capgemini.com:admin-service:9001: registering service...
2023-06-09 20:12:44.219  INFO 10644 --- [DiscoveryClient-InstanceInfoReplicator-0] com.netflix.discovery.DiscoveryClient    : DiscoveryClient_ADMIN-SERVICE/inlen8520086507.corp.capgemini.com:admin-service:9001 - registration status: 204
2023-06-09 20:12:44.935  INFO 10644 --- [Thread-13] o.apache.catalina.core.StandardService   : Stopping service [Tomcat]
2023-06-09 20:12:44.938  INFO 10644 --- [Thread-13] j.LocalContainerEntityManagerFactoryBean : Closing JPA EntityManagerFactory for persistence unit 'default'
2023-06-09 20:12:44.939  INFO 10644 --- [Thread-13] com.zaxxer.hikari.HikariDataSource       : HikariPool-3 - Shutdown initiated...
2023-06-09 20:12:44.941  INFO 10644 --- [Thread-13] com.zaxxer.hikari.HikariDataSource       : HikariPool-3 - Shutdown completed.
2023-06-09 20:12:44.941  INFO 10644 --- [Thread-13] com.netflix.discovery.DiscoveryClient    : Shutting down DiscoveryClient ...
2023-06-09 20:12:47.944  INFO 10644 --- [Thread-13] com.netflix.discovery.DiscoveryClient    : Unregistering ...
2023-06-09 20:12:47.950  INFO 10644 --- [Thread-13] com.netflix.discovery.DiscoveryClient    : DiscoveryClient_ADMIN-SERVICE/inlen8520086507.corp.capgemini.com:admin-service:9001 - deregister  status: 200
2023-06-09 20:12:47.953  INFO 10644 --- [Thread-13] com.netflix.discovery.DiscoveryClient    : Completed shut down of DiscoveryClient
