2023-06-13 11:06:03,920 [INFO] com.homeservice.controller.EventController [main] All events retrieved successfully
2023-06-13 11:06:05,358 [ERROR] com.netflix.discovery.DiscoveryClient [SpringApplicationShutdownHook] DiscoveryClient_HOME-SERVICE/inlen8520088280.corp.capgemini.com:home-service:9003 - de-registration failedCannot execute request on any known server
com.netflix.discovery.shared.transport.TransportException: Cannot execute request on any known server
	at com.netflix.discovery.shared.transport.decorator.RetryableEurekaHttpClient.execute(RetryableEurekaHttpClient.java:112)
	at com.netflix.discovery.shared.transport.decorator.EurekaHttpClientDecorator.cancel(EurekaHttpClientDecorator.java:71)
	at com.netflix.discovery.shared.transport.decorator.EurekaHttpClientDecorator$2.execute(EurekaHttpClientDecorator.java:74)
	at com.netflix.discovery.shared.transport.decorator.SessionedEurekaHttpClient.execute(SessionedEurekaHttpClient.java:77)
	at com.netflix.discovery.shared.transport.decorator.EurekaHttpClientDecorator.cancel(EurekaHttpClientDecorator.java:71)
	at com.netflix.discovery.DiscoveryClient.unregister(DiscoveryClient.java:972)
	at com.netflix.discovery.DiscoveryClient.shutdown(DiscoveryClient.java:948)
	at java.base/jdk.internal.reflect.NativeMethodAccessorImpl.invoke0(Native Method)
	at java.base/jdk.internal.reflect.NativeMethodAccessorImpl.invoke(NativeMethodAccessorImpl.java:77)
	at java.base/jdk.internal.reflect.DelegatingMethodAccessorImpl.invoke(DelegatingMethodAccessorImpl.java:43)
	at java.base/java.lang.reflect.Method.invoke(Method.java:568)
	at org.springframework.beans.factory.annotation.InitDestroyAnnotationBeanPostProcessor$LifecycleElement.invoke(InitDestroyAnnotationBeanPostProcessor.java:389)
	at org.springframework.beans.factory.annotation.InitDestroyAnnotationBeanPostProcessor$LifecycleMetadata.invokeDestroyMethods(InitDestroyAnnotationBeanPostProcessor.java:347)
	at org.springframework.beans.factory.annotation.InitDestroyAnnotationBeanPostProcessor.postProcessBeforeDestruction(InitDestroyAnnotationBeanPostProcessor.java:177)
	at org.springframework.beans.factory.support.DisposableBeanAdapter.destroy(DisposableBeanAdapter.java:197)
	at org.springframework.beans.factory.support.DisposableBeanAdapter.run(DisposableBeanAdapter.java:190)
	at org.springframework.cloud.context.scope.GenericScope$BeanLifecycleWrapper.destroy(GenericScope.java:390)
	at org.springframework.cloud.context.scope.GenericScope.destroy(GenericScope.java:136)
	at org.springframework.beans.factory.support.DisposableBeanAdapter.destroy(DisposableBeanAdapter.java:213)
	at org.springframework.beans.factory.support.DefaultSingletonBeanRegistry.destroyBean(DefaultSingletonBeanRegistry.java:587)
	at org.springframework.beans.factory.support.DefaultSingletonBeanRegistry.destroySingleton(DefaultSingletonBeanRegistry.java:559)
	at org.springframework.beans.factory.support.DefaultListableBeanFactory.destroySingleton(DefaultListableBeanFactory.java:1163)
	at org.springframework.beans.factory.support.DefaultSingletonBeanRegistry.destroySingletons(DefaultSingletonBeanRegistry.java:520)
	at org.springframework.beans.factory.support.DefaultListableBeanFactory.destroySingletons(DefaultListableBeanFactory.java:1156)
	at org.springframework.context.support.AbstractApplicationContext.destroyBeans(AbstractApplicationContext.java:1108)
	at org.springframework.context.support.AbstractApplicationContext.doClose(AbstractApplicationContext.java:1077)
	at org.springframework.context.support.AbstractApplicationContext.close(AbstractApplicationContext.java:1023)
	at org.springframework.boot.SpringApplicationShutdownHook.closeAndWait(SpringApplicationShutdownHook.java:145)
	at java.base/java.lang.Iterable.forEach(Iterable.java:75)
	at org.springframework.boot.SpringApplicationShutdownHook.run(SpringApplicationShutdownHook.java:114)
	at java.base/java.lang.Thread.run(Thread.java:833)
2023-06-13 11:51:52,495 [INFO] com.homeservice.CfHomeServiceApplication [restartedMain] Starting CfHomeServiceApplication using Java 17.0.7 on inlen8520088280 with PID 19500 (C:\Users\MANISMAN\Desktop\culturofesto-project\backend workspace\cf-home-service\target\classes started by MANISMAN in C:\Users\MANISMAN\Desktop\culturofesto-project\backend workspace\cf-home-service)
2023-06-13 11:51:52,500 [DEBUG] com.homeservice.CfHomeServiceApplication [restartedMain] Running with Spring Boot v2.7.12, Spring v5.3.27
2023-06-13 11:51:52,501 [INFO] com.homeservice.CfHomeServiceApplication [restartedMain] No active profile set, falling back to 1 default profile: "default"
2023-06-13 11:51:58,607 [INFO] com.homeservice.CfHomeServiceApplication [restartedMain] Started CfHomeServiceApplication in 6.719 seconds (JVM running for 7.912)
2023-06-13 11:52:05,392 [INFO] com.homeservice.service.EventServiceImpl [http-nio-9003-exec-2] Retrieved all events successfully
2023-06-13 11:52:05,393 [INFO] com.homeservice.controller.EventController [http-nio-9003-exec-2] All events retrieved successfully
2023-06-13 11:52:17,698 [INFO] com.homeservice.service.EventServiceImpl [http-nio-9003-exec-3] Retrieved all events successfully
